26/01/2024 10:07:55 Error en WriteUpdateStats. Terminal de Archivos no conectada.
26/01/2024 10:08:55 Error en WriteUpdateStats. Terminal de Archivos no conectada.
26/01/2024 10:09:55 Error en WriteUpdateStats. Terminal de Archivos no conectada.
26/01/2024 10:10:55 Error en WriteUpdateStats. Terminal de Archivos no conectada.
26/01/2024 10:11:55 Error en WriteUpdateStats. Terminal de Archivos no conectada.
26/01/2024 10:12:55 Error en WriteUpdateStats. Terminal de Archivos no conectada.
26/01/2024 10:13:55 Error en WriteUpdateStats. Terminal de Archivos no conectada.
26/01/2024 10:14:55 Error en WriteUpdateStats. Terminal de Archivos no conectada.
26/01/2024 10:15:55 Error en WriteUpdateStats. Terminal de Archivos no conectada.
26/01/2024 10:16:55 Error en WriteUpdateStats. Terminal de Archivos no conectada.
26/01/2024 10:17:55 Error en WriteUpdateStats. Terminal de Archivos no conectada.
26/01/2024 10:18:55 Error en WriteUpdateStats. Terminal de Archivos no conectada.
26/01/2024 10:19:55 Error en WriteUpdateStats. Terminal de Archivos no conectada.
26/01/2024 10:20:55 Error en WriteUpdateStats. Terminal de Archivos no conectada.
26/01/2024 10:21:55 Error en WriteUpdateStats. Terminal de Archivos no conectada.
26/01/2024 10:22:55 Error en WriteUpdateStats. Terminal de Archivos no conectada.
26/01/2024 10:23:55 Error en WriteUpdateStats. Terminal de Archivos no conectada.
26/01/2024 10:24:55 Error en WriteUpdateStats. Terminal de Archivos no conectada.
26/01/2024 10:25:55 Error en WriteUpdateStats. Terminal de Archivos no conectada.
26/01/2024 10:26:55 Error en WriteUpdateStats. Terminal de Archivos no conectada.
26/01/2024 10:27:55 Error en WriteUpdateStats. Terminal de Archivos no conectada.
26/01/2024 10:28:55 Error en WriteUpdateStats. Terminal de Archivos no conectada.
26/01/2024 10:29:55 Error en WriteUpdateStats. Terminal de Archivos no conectada.
26/01/2024 10:30:55 Error en WriteUpdateStats. Terminal de Archivos no conectada.
26/01/2024 10:31:55 Error en WriteUpdateStats. Terminal de Archivos no conectada.
26/01/2024 10:32:55 Error en WriteUpdateStats. Terminal de Archivos no conectada.
26/01/2024 10:33:55 Error en WriteUpdateStats. Terminal de Archivos no conectada.
26/01/2024 10:34:55 Error en WriteUpdateStats. Terminal de Archivos no conectada.
26/01/2024 10:35:55 Error en WriteUpdateStats. Terminal de Archivos no conectada.
26/01/2024 10:36:55 Error en WriteUpdateStats. Terminal de Archivos no conectada.
26/01/2024 10:37:55 Error en WriteUpdateStats. Terminal de Archivos no conectada.
26/01/2024 10:38:55 Error en WriteUpdateStats. Terminal de Archivos no conectada.
26/01/2024 10:39:55 Error en WriteUpdateStats. Terminal de Archivos no conectada.
26/01/2024 10:40:55 Error en WriteUpdateStats. Terminal de Archivos no conectada.
26/01/2024 10:41:55 Error en WriteUpdateStats. Terminal de Archivos no conectada.
26/01/2024 10:42:55 Error en WriteUpdateStats. Terminal de Archivos no conectada.
26/01/2024 10:43:55 Error en WriteUpdateStats. Terminal de Archivos no conectada.
26/01/2024 10:44:55 Error en WriteUpdateStats. Terminal de Archivos no conectada.
26/01/2024 10:45:55 Error en WriteUpdateStats. Terminal de Archivos no conectada.
26/01/2024 10:46:55 Error en WriteUpdateStats. Terminal de Archivos no conectada.
26/01/2024 10:47:55 Error en WriteUpdateStats. Terminal de Archivos no conectada.
26/01/2024 10:48:55 Error en WriteUpdateStats. Terminal de Archivos no conectada.
26/01/2024 10:49:55 Error en WriteUpdateStats. Terminal de Archivos no conectada.
26/01/2024 10:50:55 Error en WriteUpdateStats. Terminal de Archivos no conectada.
26/01/2024 10:51:55 Error en WriteUpdateStats. Terminal de Archivos no conectada.
26/01/2024 10:52:55 Error en WriteUpdateStats. Terminal de Archivos no conectada.
26/01/2024 10:53:55 Error en WriteUpdateStats. Terminal de Archivos no conectada.
26/01/2024 10:54:55 Error en WriteUpdateStats. Terminal de Archivos no conectada.
26/01/2024 10:55:55 Error en WriteUpdateStats. Terminal de Archivos no conectada.
26/01/2024 10:56:55 Error en WriteUpdateStats. Terminal de Archivos no conectada.
26/01/2024 10:57:55 Error en WriteUpdateStats. Terminal de Archivos no conectada.
26/01/2024 10:58:55 Error en WriteUpdateStats. Terminal de Archivos no conectada.
26/01/2024 10:59:55 Error en WriteUpdateStats. Terminal de Archivos no conectada.
26/01/2024 11:00:00 Error en WriteMessageDiscord. Terminal de Archivos no conectada.
26/01/2024 11:00:55 Error en WriteUpdateStats. Terminal de Archivos no conectada.
26/01/2024 11:01:55 Error en WriteUpdateStats. Terminal de Archivos no conectada.
26/01/2024 11:02:55 Error en WriteUpdateStats. Terminal de Archivos no conectada.
26/01/2024 11:03:55 Error en WriteUpdateStats. Terminal de Archivos no conectada.
26/01/2024 11:04:55 Error en WriteUpdateStats. Terminal de Archivos no conectada.
26/01/2024 11:05:55 Error en WriteUpdateStats. Terminal de Archivos no conectada.
26/01/2024 11:06:55 Error en WriteUpdateStats. Terminal de Archivos no conectada.
26/01/2024 11:07:55 Error en WriteUpdateStats. Terminal de Archivos no conectada.
26/01/2024 11:08:55 Error en WriteUpdateStats. Terminal de Archivos no conectada.
26/01/2024 11:09:55 Error en WriteUpdateStats. Terminal de Archivos no conectada.
26/01/2024 11:10:55 Error en WriteUpdateStats. Terminal de Archivos no conectada.
26/01/2024 11:11:55 Error en WriteUpdateStats. Terminal de Archivos no conectada.
26/01/2024 11:12:55 Error en WriteUpdateStats. Terminal de Archivos no conectada.
26/01/2024 11:13:55 Error en WriteUpdateStats. Terminal de Archivos no conectada.
26/01/2024 11:14:55 Error en WriteUpdateStats. Terminal de Archivos no conectada.
26/01/2024 11:15:00 Error en WriteMessageDiscord. Terminal de Archivos no conectada.
26/01/2024 11:15:55 Error en WriteUpdateStats. Terminal de Archivos no conectada.
26/01/2024 11:16:55 Error en WriteUpdateStats. Terminal de Archivos no conectada.
26/01/2024 11:36:56 Error en Clanes4
26/01/2024 12:00:00 Error en ClasePuedeItem
26/01/2024 12:15:00 Error en ClasePuedeItem
26/01/2024 12:45:00 Error en ClasePuedeItem
26/01/2024 13:00:00 Error en ClasePuedeItem
26/01/2024 13:06:57 Error en Clanes4
26/01/2024 13:15:00 Error en ClasePuedeItem
26/01/2024 13:27:18 Error en Clanes4
26/01/2024 13:27:18 Error en WriteUpdateOnline. Terminal de Archivos no conectada.
26/01/2024 13:43:58 Error en Clanes4
26/01/2024 13:59:22 Error en ClasePuedeItem
26/01/2024 14:14:22 Error en ClasePuedeItem
26/01/2024 14:29:22 Error en ClasePuedeItem
26/01/2024 14:44:22 Error en ClasePuedeItem
26/01/2024 14:59:22 Error en ClasePuedeItem
26/01/2024 15:14:23 Error en Clanes4
26/01/2024 15:21:54 Error en Clanes4
26/01/2024 15:21:54 Error en WriteUpdateOnline. Terminal de Archivos no conectada.
26/01/2024 15:21:54 Error en WriteUpdateUserData. Terminal de Archivos no conectada.
26/01/2024 15:21:54 Error en WriteUpdateOnline. Terminal de Archivos no conectada.
26/01/2024 15:52:04 Error en ClasePuedeItem
26/01/2024 16:37:04 Error en ClasePuedeItem
26/01/2024 16:52:04 Error en ClasePuedeItem
26/01/2024 16:52:05 Error en Clanes4
26/01/2024 17:07:04 Error en ClasePuedeItem
26/01/2024 17:22:04 Error en ClasePuedeItem
26/01/2024 18:07:04 Error en ClasePuedeItem
26/01/2024 18:22:04 Error en ClasePuedeItem
26/01/2024 18:22:06 Error en Clanes4
26/01/2024 18:37:04 Error en ClasePuedeItem
26/01/2024 18:52:04 Error en ClasePuedeItem
26/01/2024 19:07:04 Error en ClasePuedeItem
26/01/2024 19:37:04 Error en ClasePuedeItem
26/01/2024 19:52:07 Error en Clanes4
26/01/2024 21:22:08 Error en Clanes4
26/01/2024 21:52:05 Error en ClasePuedeItem
26/01/2024 22:22:03 Error en Clanes4
26/01/2024 22:22:19 Subscript out of range
in ServidorArgentum.NPCs.OpenNPC at line 446
26/01/2024 22:22:19 Error cargando mapa: 53 - Pos: 18,15.Subscript out of range
26/01/2024 22:52:23 Error en ClasePuedeItem
26/01/2024 23:07:23 Error en ClasePuedeItem
26/01/2024 23:22:23 Error en ClasePuedeItem
26/01/2024 23:52:23 Error en ClasePuedeItem
26/01/2024 23:52:24 Error en Clanes4
27/01/2024 00:37:23 Error en ClasePuedeItem
27/01/2024 00:52:23 Error en ClasePuedeItem
27/01/2024 01:02:51 Error en Clanes4
27/01/2024 01:02:51 Error en WriteUpdateOnline. Terminal de Archivos no conectada.
27/01/2024 01:02:51 Error en WriteUpdateOnline. Terminal de Archivos no conectada.
27/01/2024 01:03:12 Subscript out of range
in ServidorArgentum.NPCs.OpenNPC at line 446
27/01/2024 01:03:12 Error cargando mapa: 53 - Pos: 18,15.Subscript out of range
27/01/2024 01:08:41 Error en Clanes4
27/01/2024 01:08:41 Error en WriteUpdateOnline. Terminal de Archivos no conectada.
27/01/2024 01:08:54 Subscript out of range
in ServidorArgentum.NPCs.OpenNPC at line 446
27/01/2024 01:08:54 Error cargando mapa: 53 - Pos: 18,15.Subscript out of range
27/01/2024 01:10:32 Error en Clanes4
27/01/2024 01:10:36 Subscript out of range
in ServidorArgentum.NPCs.OpenNPC at line 446
27/01/2024 01:10:36 Error cargando mapa: 53 - Pos: 18,15.Subscript out of range
27/01/2024 01:25:41 Error en ClasePuedeItem
27/01/2024 01:33:40 Error en Clanes4
27/01/2024 01:33:40 Error en WriteUpdateOnline. Terminal de Archivos no conectada.
27/01/2024 01:33:40 Error en WriteUpdateOnline. Terminal de Archivos no conectada.
27/01/2024 01:33:45 Subscript out of range
in ServidorArgentum.NPCs.OpenNPC at line 446
27/01/2024 01:33:45 Error cargando mapa: 53 - Pos: 18,15.Subscript out of range
27/01/2024 01:48:40 Error en Clanes4
27/01/2024 01:48:40 Error en WriteUpdateUserData. Terminal de Archivos no conectada.
27/01/2024 01:48:40 Error en WriteUpdateOnline. Terminal de Archivos no conectada.
27/01/2024 01:48:40 Error en WriteUpdateOnline. Terminal de Archivos no conectada.
27/01/2024 01:48:46 Subscript out of range
in ServidorArgentum.NPCs.OpenNPC at line 446
27/01/2024 01:48:46 Error cargando mapa: 53 - Pos: 18,15.Subscript out of range
27/01/2024 01:52:59 Error en Clanes4
27/01/2024 01:52:59 Error en WriteUpdateUserData. Terminal de Archivos no conectada.
27/01/2024 01:52:59 Error en WriteUpdateOnline. Terminal de Archivos no conectada.
27/01/2024 01:52:59 Error en WriteUpdateUserData. Terminal de Archivos no conectada.
27/01/2024 01:52:59 Error en WriteUpdateOnline. Terminal de Archivos no conectada.
27/01/2024 01:53:07 Subscript out of range
in ServidorArgentum.NPCs.OpenNPC at line 446
27/01/2024 01:53:07 Error cargando mapa: 53 - Pos: 18,15.Subscript out of range
27/01/2024 01:56:23 Object variable or With block variable not set
in ServidorArgentum.UsUaRiOs.WarpUserChar (Map: 135 X: 30 Y: 19)at line 164
27/01/2024 01:56:23 Object variable or With block variable not set
in ServidorArgentum.UsUaRiOs.WarpUserChar (Map: 135 X: 30 Y: 19)at line 164
27/01/2024 01:56:33 Error en EraseUserchar 9: Subscript out of range. User: Marcos(UI: 2 - CI: 0) en Linea: 102
27/01/2024 02:09:55 Error en EraseUserchar 9: Subscript out of range. User: ANYONE(UI: 3 - CI: 0) en Linea: 102
27/01/2024 02:09:56 Error en Clanes4
27/01/2024 02:10:03 Subscript out of range
in ServidorArgentum.NPCs.OpenNPC at line 446
27/01/2024 02:10:03 Error cargando mapa: 53 - Pos: 18,15.Subscript out of range
27/01/2024 02:15:03 Error en Clanes4
27/01/2024 02:15:03 Error en WriteUpdateUserData. Terminal de Archivos no conectada.
27/01/2024 02:15:03 Error en WriteUpdateOnline. Terminal de Archivos no conectada.
27/01/2024 02:15:03 Error en WriteUpdateUserData. Terminal de Archivos no conectada.
27/01/2024 02:15:03 Error en WriteUpdateOnline. Terminal de Archivos no conectada.
27/01/2024 02:15:08 Subscript out of range
in ServidorArgentum.NPCs.OpenNPC at line 446
27/01/2024 02:15:08 Error cargando mapa: 53 - Pos: 18,15.Subscript out of range
27/01/2024 02:48:33 Error en Clanes4
27/01/2024 02:48:33 Error en WriteUpdateUserData. Terminal de Archivos no conectada.
27/01/2024 02:48:33 Error en WriteUpdateOnline. Terminal de Archivos no conectada.
27/01/2024 02:48:38 Subscript out of range
in ServidorArgentum.NPCs.OpenNPC at line 446
27/01/2024 02:48:38 Error cargando mapa: 53 - Pos: 18,15.Subscript out of range
27/01/2024 02:49:26 Error en ClasePuedeItem
27/01/2024 02:51:06 Overflow
in ServidorArgentum.Protocol.WriteTournamentList at line 100
27/01/2024 03:01:19 Error en Clanes4
27/01/2024 03:01:23 Subscript out of range
in ServidorArgentum.NPCs.OpenNPC at line 446
27/01/2024 03:01:23 Error cargando mapa: 53 - Pos: 18,15.Subscript out of range
27/01/2024 03:01:50 Error en ClasePuedeItem
27/01/2024 03:01:53 Error en ClasePuedeItem
27/01/2024 03:28:51 Error en Clanes4
27/01/2024 03:28:51 Error en WriteUpdateUserData. Terminal de Archivos no conectada.
27/01/2024 03:28:51 Error en WriteUpdateOnline. Terminal de Archivos no conectada.
27/01/2024 03:28:59 Subscript out of range
in ServidorArgentum.NPCs.OpenNPC at line 446
27/01/2024 03:28:59 Error cargando mapa: 53 - Pos: 18,15.Subscript out of range
27/01/2024 03:58:33 Error en Clanes4
27/01/2024 03:58:39 Subscript out of range
in ServidorArgentum.NPCs.OpenNPC at line 446
27/01/2024 03:58:39 Error cargando mapa: 53 - Pos: 18,15.Subscript out of range
27/01/2024 04:07:51 Error en Clanes4
27/01/2024 04:11:12 Subscript out of range
in ServidorArgentum.NPCs.OpenNPC at line 446
27/01/2024 04:11:12 Error cargando mapa: 53 - Pos: 18,15.Subscript out of range
27/01/2024 05:41:18 Error en Clanes4
27/01/2024 07:11:19 Error en Clanes4
27/01/2024 08:41:20 Error en Clanes4
27/01/2024 10:11:21 Error en Clanes4
27/01/2024 11:29:25 Error en Clanes4
27/01/2024 11:29:29 Subscript out of range
in ServidorArgentum.NPCs.OpenNPC at line 446
27/01/2024 11:29:29 Error cargando mapa: 53 - Pos: 18,15.Subscript out of range
27/01/2024 11:51:48 Error en Clanes4
27/01/2024 11:51:48 Error en WriteUpdateOnline. Terminal de Archivos no conectada.
27/01/2024 11:52:12 Subscript out of range
in ServidorArgentum.NPCs.OpenNPC at line 446
27/01/2024 11:52:12 Error cargando mapa: 53 - Pos: 18,15.Subscript out of range
27/01/2024 11:56:49 Error en Clanes4
27/01/2024 11:56:49 Error en WriteUpdateUserData. Terminal de Archivos no conectada.
27/01/2024 11:56:49 Error en WriteUpdateOnline. Terminal de Archivos no conectada.
27/01/2024 11:56:55 Subscript out of range
in ServidorArgentum.NPCs.OpenNPC at line 446
27/01/2024 11:56:55 Error cargando mapa: 53 - Pos: 18,15.Subscript out of range
27/01/2024 12:00:20 Error en Clanes4
27/01/2024 12:00:20 Error en WriteUpdateUserData. Terminal de Archivos no conectada.
27/01/2024 12:00:20 Error en WriteUpdateOnline. Terminal de Archivos no conectada.
27/01/2024 12:00:24 Subscript out of range
in ServidorArgentum.NPCs.OpenNPC at line 446
27/01/2024 12:00:24 Error cargando mapa: 53 - Pos: 18,15.Subscript out of range
27/01/2024 13:30:30 Error en Clanes4
27/01/2024 13:49:49 Error en Clanes4
27/01/2024 13:49:49 Error en WriteUpdateUserData. Terminal de Archivos no conectada.
27/01/2024 13:49:49 Error en WriteUpdateOnline. Terminal de Archivos no conectada.
27/01/2024 13:49:49 Error en WriteUpdateUserData. Terminal de Archivos no conectada.
27/01/2024 13:49:49 Error en WriteUpdateOnline. Terminal de Archivos no conectada.
27/01/2024 13:49:55 Subscript out of range
in ServidorArgentum.NPCs.OpenNPC at line 446
27/01/2024 13:49:55 Error cargando mapa: 53 - Pos: 18,15.Subscript out of range
27/01/2024 15:20:00 Error en Clanes4
27/01/2024 16:50:02 Error en Clanes4
27/01/2024 18:20:03 Error en Clanes4
27/01/2024 19:50:04 Error en Clanes4
27/01/2024 21:20:05 Error en Clanes4
27/01/2024 22:50:06 Error en Clanes4
28/01/2024 00:05:02 Error en Clanes4
28/01/2024 00:05:07 Subscript out of range
in ServidorArgentum.NPCs.OpenNPC at line 446
28/01/2024 00:05:07 Error cargando mapa: 53 - Pos: 18,15.Subscript out of range
28/01/2024 00:32:39 Error en Clanes4
28/01/2024 00:32:39 Error en WriteUpdateOnline. Terminal de Archivos no conectada.
28/01/2024 00:32:50 Subscript out of range
in ServidorArgentum.NPCs.OpenNPC at line 446
28/01/2024 00:32:50 Error cargando mapa: 53 - Pos: 18,15.Subscript out of range
28/01/2024 02:02:56 Error en Clanes4
28/01/2024 02:33:36 Error en Clanes4
28/01/2024 02:33:41 Subscript out of range
in ServidorArgentum.NPCs.OpenNPC at line 446
28/01/2024 02:33:41 Error cargando mapa: 53 - Pos: 18,15.Subscript out of range
28/01/2024 02:38:41 Error en Clanes4
28/01/2024 02:38:45 Subscript out of range
in ServidorArgentum.NPCs.OpenNPC at line 446
28/01/2024 02:38:45 Error cargando mapa: 53 - Pos: 18,15.Subscript out of range
28/01/2024 04:08:51 Error en Clanes4
28/01/2024 05:38:53 Error en Clanes4
28/01/2024 07:08:54 Error en Clanes4
28/01/2024 08:38:55 Error en Clanes4
28/01/2024 10:08:56 Error en Clanes4
28/01/2024 11:38:57 Error en Clanes4
28/01/2024 13:08:59 Error en Clanes4
28/01/2024 14:39:00 Error en Clanes4
28/01/2024 14:46:59 Error en Clanes4
28/01/2024 14:46:59 Error en WriteUpdateUserData. Terminal de Archivos no conectada.
28/01/2024 14:46:59 Error en WriteUpdateOnline. Terminal de Archivos no conectada.
28/01/2024 14:47:07 Subscript out of range
in ServidorArgentum.NPCs.OpenNPC at line 446
28/01/2024 14:47:07 Error cargando mapa: 53 - Pos: 18,15.Subscript out of range
28/01/2024 15:15:13 Error en Clanes4
28/01/2024 15:15:13 Error en WriteUpdateOnline. Terminal de Archivos no conectada.
28/01/2024 15:15:34 Subscript out of range
in ServidorArgentum.NPCs.OpenNPC at line 446
28/01/2024 15:15:34 Error cargando mapa: 53 - Pos: 18,15.Subscript out of range
28/01/2024 15:50:46 Error en Clanes4
28/01/2024 15:50:46 Error en WriteUpdateOnline. Terminal de Archivos no conectada.
28/01/2024 15:50:54 Subscript out of range
in ServidorArgentum.NPCs.OpenNPC at line 446
28/01/2024 15:50:54 Error cargando mapa: 53 - Pos: 18,15.Subscript out of range
28/01/2024 15:56:44 Overflow
in ServidorArgentum.ES.LoadUserStats at line 168
28/01/2024 17:21:00 Error en Clanes4
28/01/2024 18:35:39 Error en Clanes4
28/01/2024 18:35:39 Error en WriteUpdateOnline. Terminal de Archivos no conectada.
28/01/2024 18:35:46 Subscript out of range
in ServidorArgentum.NPCs.OpenNPC at line 446
28/01/2024 18:35:46 Error cargando mapa: 53 - Pos: 18,15.Subscript out of range
28/01/2024 20:05:53 Error en Clanes4
28/01/2024 21:35:54 Error en Clanes4
28/01/2024 23:05:55 Error en Clanes4
29/01/2024 00:35:56 Error en Clanes4
29/01/2024 02:05:58 Error en Clanes4
29/01/2024 03:35:59 Error en Clanes4
29/01/2024 05:06:00 Error en Clanes4
29/01/2024 06:36:01 Error en Clanes4
29/01/2024 08:06:02 Error en Clanes4
29/01/2024 09:36:03 Error en Clanes4
29/01/2024 11:06:04 Error en Clanes4
29/01/2024 12:36:06 Error en Clanes4
29/01/2024 14:06:07 Error en Clanes4
29/01/2024 15:36:08 Error en Clanes4
29/01/2024 17:06:09 Error en Clanes4
29/01/2024 18:36:10 Error en Clanes4
29/01/2024 20:06:12 Error en Clanes4
29/01/2024 21:36:13 Error en Clanes4
29/01/2024 23:06:14 Error en Clanes4
29/01/2024 23:53:25 Error en Clanes4
29/01/2024 23:53:33 Subscript out of range
in ServidorArgentum.NPCs.OpenNPC at line 446
29/01/2024 23:53:33 Error cargando mapa: 53 - Pos: 18,15.Subscript out of range
30/01/2024 00:00:32 Error en Clanes4
30/01/2024 00:00:38 Subscript out of range
in ServidorArgentum.NPCs.OpenNPC at line 446
30/01/2024 00:00:38 Error cargando mapa: 53 - Pos: 18,15.Subscript out of range
30/01/2024 00:37:22 Error en ClasePuedeItem
30/01/2024 00:37:27 Error en ClasePuedeItem
30/01/2024 00:37:29 Error en ClasePuedeItem
30/01/2024 00:37:30 Error en ClasePuedeItem
30/01/2024 00:42:56 Error en ClasePuedeItem
30/01/2024 00:42:59 Error en ClasePuedeItem
30/01/2024 01:30:45 Error en Clanes4
30/01/2024 03:00:46 Error en Clanes4
30/01/2024 04:30:47 Error en Clanes4
30/01/2024 06:00:48 Error en Clanes4
30/01/2024 07:30:49 Error en Clanes4
30/01/2024 09:00:50 Error en Clanes4
30/01/2024 10:30:51 Error en Clanes4
30/01/2024 10:41:51 Error en Clanes4
30/01/2024 10:41:56 Subscript out of range
in ServidorArgentum.NPCs.OpenNPC at line 446
30/01/2024 10:41:56 Error cargando mapa: 53 - Pos: 18,15.Subscript out of range
30/01/2024 10:50:18 Error en Clanes4
30/01/2024 10:50:24 Subscript out of range
in ServidorArgentum.NPCs.OpenNPC at line 446
30/01/2024 10:50:24 Error cargando mapa: 53 - Pos: 18,15.Subscript out of range
30/01/2024 10:59:33 Error en Clanes4
30/01/2024 10:59:33 Error en WriteUpdateOnline. Terminal de Archivos no conectada.
30/01/2024 10:59:45 Subscript out of range
in ServidorArgentum.NPCs.OpenNPC at line 446
30/01/2024 10:59:45 Error cargando mapa: 53 - Pos: 18,15.Subscript out of range
30/01/2024 12:29:51 Error en Clanes4
30/01/2024 12:59:55 Error en Clanes4
30/01/2024 12:59:55 Error en WriteUpdateOnline. Terminal de Archivos no conectada.
30/01/2024 12:59:59 Subscript out of range
in ServidorArgentum.NPCs.OpenNPC at line 446
30/01/2024 12:59:59 Error cargando mapa: 53 - Pos: 18,15.Subscript out of range
30/01/2024 13:00:04 Error en WriteUpdateOnline. Terminal de Archivos no conectada.
30/01/2024 13:00:04 Error en WriteUpdateUserData. Terminal de Archivos no conectada.
30/01/2024 13:00:23 Error en Clanes4
30/01/2024 13:00:23 Error en WriteUpdateOnline. Terminal de Archivos no conectada.
30/01/2024 13:00:31 Subscript out of range
in ServidorArgentum.NPCs.OpenNPC at line 446
30/01/2024 13:00:31 Error cargando mapa: 53 - Pos: 18,15.Subscript out of range
30/01/2024 14:30:37 Error en Clanes4
30/01/2024 16:00:39 Error en Clanes4
30/01/2024 17:30:40 Error en Clanes4
30/01/2024 19:00:41 Error en Clanes4
30/01/2024 19:57:38 Error en Clanes4
30/01/2024 19:57:38 Error en WriteUpdateUserData. Terminal de Archivos no conectada.
30/01/2024 19:57:38 Error en WriteUpdateOnline. Terminal de Archivos no conectada.
30/01/2024 19:57:38 Error en WriteUpdateUserData. Terminal de Archivos no conectada.
30/01/2024 19:57:38 Error en WriteUpdateOnline. Terminal de Archivos no conectada.
30/01/2024 19:57:42 Subscript out of range
in ServidorArgentum.NPCs.OpenNPC at line 446
30/01/2024 19:57:42 Error cargando mapa: 53 - Pos: 18,15.Subscript out of range
30/01/2024 20:14:00 Subscript out of range
in ServidorArgentum.NPCs.OpenNPC at line 446
30/01/2024 20:14:00 Error cargando mapa: 53 - Pos: 18,15.Subscript out of range
30/01/2024 20:14:03 Error en Clanes4
30/01/2024 20:14:03 Error en WriteUpdateOnline. Terminal de Archivos no conectada.
30/01/2024 20:14:03 Error en WriteUpdateOnline. Terminal de Archivos no conectada.
30/01/2024 20:14:09 Error en Clanes4
30/01/2024 20:14:12 Subscript out of range
in ServidorArgentum.NPCs.OpenNPC at line 446
30/01/2024 20:14:12 Error cargando mapa: 53 - Pos: 18,15.Subscript out of range
30/01/2024 21:44:18 Error en Clanes4
30/01/2024 23:13:51 Error en Clanes4
30/01/2024 23:13:51 Error en WriteUpdateUserData. Terminal de Archivos no conectada.
30/01/2024 23:13:51 Error en WriteUpdateOnline. Terminal de Archivos no conectada.
30/01/2024 23:13:56 Subscript out of range
in ServidorArgentum.NPCs.OpenNPC at line 446
30/01/2024 23:13:56 Error cargando mapa: 53 - Pos: 18,15.Subscript out of range
30/01/2024 23:33:32 Error en Clanes4
30/01/2024 23:33:32 Error en WriteUpdateUserData. Terminal de Archivos no conectada.
30/01/2024 23:33:32 Error en WriteUpdateOnline. Terminal de Archivos no conectada.
30/01/2024 23:33:32 Error en WriteUpdateUserData. Terminal de Archivos no conectada.
30/01/2024 23:33:32 Error en WriteUpdateOnline. Terminal de Archivos no conectada.
30/01/2024 23:33:32 Error en WriteUpdateUserData. Terminal de Archivos no conectada.
30/01/2024 23:33:32 Error en WriteUpdateOnline. Terminal de Archivos no conectada.
30/01/2024 23:33:32 Error en WriteUpdateUserData. Terminal de Archivos no conectada.
30/01/2024 23:33:32 Error en WriteUpdateOnline. Terminal de Archivos no conectada.
30/01/2024 23:33:37 Subscript out of range
in ServidorArgentum.NPCs.OpenNPC at line 446
30/01/2024 23:33:37 Error cargando mapa: 53 - Pos: 18,15.Subscript out of range
30/01/2024 23:34:09 Error en ClasePuedeItem
30/01/2024 23:34:14 Error en ClasePuedeItem
30/01/2024 23:40:01 Error en ClasePuedeItem
30/01/2024 23:40:10 Error en ClasePuedeItem
30/01/2024 23:49:05 Error en ClasePuedeItem
30/01/2024 23:49:08 Error en ClasePuedeItem
31/01/2024 00:07:56 Error en Clanes4
31/01/2024 00:07:56 Error en WriteUpdateUserData. Terminal de Archivos no conectada.
31/01/2024 00:07:56 Error en WriteUpdateOnline. Terminal de Archivos no conectada.
31/01/2024 00:07:56 Error en WriteUpdateUserData. Terminal de Archivos no conectada.
31/01/2024 00:07:56 Error en WriteUpdateOnline. Terminal de Archivos no conectada.
31/01/2024 00:07:56 Error en WriteUpdateUserData. Terminal de Archivos no conectada.
31/01/2024 00:07:56 Error en WriteUpdateOnline. Terminal de Archivos no conectada.
31/01/2024 00:08:01 Subscript out of range
in ServidorArgentum.NPCs.OpenNPC at line 446
31/01/2024 00:08:01 Error cargando mapa: 53 - Pos: 18,15.Subscript out of range
31/01/2024 00:50:18 Error en Clanes4
31/01/2024 00:50:24 Subscript out of range
in ServidorArgentum.NPCs.OpenNPC at line 446
31/01/2024 00:50:24 Error cargando mapa: 53 - Pos: 18,15.Subscript out of range
31/01/2024 00:55:12 Error en Clanes4
31/01/2024 00:55:12 Error en WriteUpdateUserData. Terminal de Archivos no conectada.
31/01/2024 00:55:12 Error en WriteUpdateOnline. Terminal de Archivos no conectada.
31/01/2024 00:55:20 Subscript out of range
in ServidorArgentum.NPCs.OpenNPC at line 446
31/01/2024 00:55:20 Error cargando mapa: 53 - Pos: 18,15.Subscript out of range
31/01/2024 00:57:59 Error en Clanes4
31/01/2024 00:57:59 Error en WriteUpdateUserData. Terminal de Archivos no conectada.
31/01/2024 00:57:59 Error en WriteUpdateOnline. Terminal de Archivos no conectada.
31/01/2024 00:57:59 Error en WriteUpdateUserData. Terminal de Archivos no conectada.
31/01/2024 00:57:59 Error en WriteUpdateOnline. Terminal de Archivos no conectada.
31/01/2024 00:58:06 Subscript out of range
in ServidorArgentum.NPCs.OpenNPC at line 446
31/01/2024 00:58:06 Error cargando mapa: 53 - Pos: 18,15.Subscript out of range
31/01/2024 01:12:03 Error en Clanes4
31/01/2024 01:12:03 Error en WriteUpdateUserData. Terminal de Archivos no conectada.
31/01/2024 01:12:03 Error en WriteUpdateOnline. Terminal de Archivos no conectada.
31/01/2024 01:12:03 Error en WriteUpdateUserData. Terminal de Archivos no conectada.
31/01/2024 01:12:03 Error en WriteUpdateOnline. Terminal de Archivos no conectada.
31/01/2024 01:12:08 Subscript out of range
in ServidorArgentum.NPCs.OpenNPC at line 446
31/01/2024 01:12:08 Error cargando mapa: 53 - Pos: 18,15.Subscript out of range
31/01/2024 01:15:44 Error en Clanes4
31/01/2024 01:15:44 Error en WriteUpdateUserData. Terminal de Archivos no conectada.
31/01/2024 01:15:44 Error en WriteUpdateOnline. Terminal de Archivos no conectada.
31/01/2024 01:15:49 Subscript out of range
in ServidorArgentum.NPCs.OpenNPC at line 446
31/01/2024 01:15:49 Error cargando mapa: 53 - Pos: 18,15.Subscript out of range
31/01/2024 02:45:55 Error en Clanes4
31/01/2024 04:15:56 Error en Clanes4
31/01/2024 04:16:33 Error en Clanes4
31/01/2024 04:16:33 Error en WriteUpdateOnline. Terminal de Archivos no conectada.
31/01/2024 04:17:06 Subscript out of range
in ServidorArgentum.NPCs.OpenNPC at line 446
31/01/2024 04:17:06 Error cargando mapa: 53 - Pos: 18,15.Subscript out of range
31/01/2024 04:55:06 Error en Clanes4
31/01/2024 04:55:14 Subscript out of range
in ServidorArgentum.NPCs.OpenNPC at line 446
31/01/2024 04:55:14 Error cargando mapa: 53 - Pos: 18,15.Subscript out of range
31/01/2024 05:02:15 Error en Clanes4
31/01/2024 05:02:20 Subscript out of range
in ServidorArgentum.NPCs.OpenNPC at line 446
31/01/2024 05:02:20 Error cargando mapa: 53 - Pos: 18,15.Subscript out of range
31/01/2024 06:32:25 Error en Clanes4
31/01/2024 08:02:27 Error en Clanes4
31/01/2024 09:32:27 Error en Clanes4
31/01/2024 11:02:29 Error en Clanes4
31/01/2024 12:03:17 Error en Clanes4
31/01/2024 12:03:17 Error en WriteUpdateOnline. Terminal de Archivos no conectada.
31/01/2024 12:03:25 Subscript out of range
in ServidorArgentum.NPCs.OpenNPC at line 446
31/01/2024 12:03:25 Error cargando mapa: 53 - Pos: 18,15.Subscript out of range
31/01/2024 12:15:11 Error en Clanes4
31/01/2024 12:15:11 Error en WriteUpdateUserData. Terminal de Archivos no conectada.
31/01/2024 12:15:11 Error en WriteUpdateOnline. Terminal de Archivos no conectada.
31/01/2024 12:15:21 Subscript out of range
in ServidorArgentum.NPCs.OpenNPC at line 446
31/01/2024 12:15:21 Error cargando mapa: 53 - Pos: 18,15.Subscript out of range
31/01/2024 12:17:58 Error en Clanes4
31/01/2024 12:18:03 Subscript out of range
in ServidorArgentum.NPCs.OpenNPC at line 446
31/01/2024 12:18:03 Error cargando mapa: 53 - Pos: 18,15.Subscript out of range
31/01/2024 12:21:51 Error en Clanes4
31/01/2024 12:21:51 Error en WriteUpdateUserData. Terminal de Archivos no conectada.
31/01/2024 12:21:51 Error en WriteUpdateOnline. Terminal de Archivos no conectada.
31/01/2024 12:22:03 Subscript out of range
in ServidorArgentum.NPCs.OpenNPC at line 446
31/01/2024 12:22:03 Error cargando mapa: 53 - Pos: 18,15.Subscript out of range
31/01/2024 12:23:55 Error en Clanes4
31/01/2024 12:24:08 Subscript out of range
in ServidorArgentum.NPCs.OpenNPC at line 446
31/01/2024 12:24:08 Error cargando mapa: 53 - Pos: 18,15.Subscript out of range
31/01/2024 12:26:22 Error en Clanes4
31/01/2024 12:26:29 Subscript out of range
in ServidorArgentum.NPCs.OpenNPC at line 446
31/01/2024 12:26:29 Error cargando mapa: 53 - Pos: 18,15.Subscript out of range
31/01/2024 12:29:21 Error en Clanes4
31/01/2024 12:29:32 Subscript out of range
in ServidorArgentum.NPCs.OpenNPC at line 446
31/01/2024 12:29:32 Error cargando mapa: 53 - Pos: 18,15.Subscript out of range
31/01/2024 12:52:22 Error en Clanes4
31/01/2024 12:52:38 Subscript out of range
in ServidorArgentum.NPCs.OpenNPC at line 446
31/01/2024 12:52:38 Error cargando mapa: 53 - Pos: 18,15.Subscript out of range
31/01/2024 12:56:28 Error en Clanes4
31/01/2024 12:56:28 Error en WriteUpdateOnline. Terminal de Archivos no conectada.
31/01/2024 12:57:29 Subscript out of range
in ServidorArgentum.NPCs.OpenNPC at line 446
31/01/2024 12:57:29 Error cargando mapa: 53 - Pos: 18,15.Subscript out of range
31/01/2024 14:27:35 Error en Clanes4
31/01/2024 15:39:53 Object variable or With block variable not set
in ServidorArgentum.UsUaRiOs.WarpUserChar (Map: 141 X: 50 Y: 50)at line 164
31/01/2024 15:57:36 Error en Clanes4
31/01/2024 17:27:37 Error en Clanes4
31/01/2024 18:26:53 Error en Clanes4
31/01/2024 18:26:53 Error en WriteUpdateUserData. Terminal de Archivos no conectada.
31/01/2024 18:26:53 Error en WriteUpdateOnline. Terminal de Archivos no conectada.
31/01/2024 18:27:16 Subscript out of range
in ServidorArgentum.NPCs.OpenNPC at line 446
31/01/2024 18:27:16 Error cargando mapa: 53 - Pos: 18,15.Subscript out of range
31/01/2024 19:57:22 Error en Clanes4
31/01/2024 21:27:23 Error en Clanes4
31/01/2024 22:57:24 Error en Clanes4
01/02/2024 00:27:26 Error en Clanes4
01/02/2024 01:57:27 Error en Clanes4
01/02/2024 03:27:29 Error en Clanes4
01/02/2024 04:57:30 Error en Clanes4
01/02/2024 06:27:31 Error en Clanes4
01/02/2024 07:57:32 Error en Clanes4
01/02/2024 09:27:34 Error en Clanes4
01/02/2024 10:57:35 Error en Clanes4
01/02/2024 12:27:36 Error en Clanes4
01/02/2024 13:57:37 Error en Clanes4
01/02/2024 15:27:38 Error en Clanes4
01/02/2024 16:57:39 Error en Clanes4
01/02/2024 18:27:40 Error en Clanes4
01/02/2024 19:57:41 Error en Clanes4
01/02/2024 20:12:37 Error en Clanes4
01/02/2024 20:12:43 Subscript out of range
in ServidorArgentum.NPCs.OpenNPC at line 446
01/02/2024 20:12:43 Error cargando mapa: 53 - Pos: 18,15.Subscript out of range
01/02/2024 20:15:02 Error en Clanes4
01/02/2024 20:15:05 Subscript out of range
in ServidorArgentum.NPCs.OpenNPC at line 446
01/02/2024 20:15:05 Error cargando mapa: 53 - Pos: 18,15.Subscript out of range
01/02/2024 21:45:11 Error en Clanes4
01/02/2024 23:15:12 Error en Clanes4
02/02/2024 00:45:13 Error en Clanes4
02/02/2024 02:15:14 Error en Clanes4
02/02/2024 03:45:15 Error en Clanes4
02/02/2024 05:15:16 Error en Clanes4
02/02/2024 06:45:17 Error en Clanes4
02/02/2024 08:15:18 Error en Clanes4
02/02/2024 09:45:19 Error en Clanes4
02/02/2024 11:15:20 Error en Clanes4
02/02/2024 12:45:21 Error en Clanes4
02/02/2024 14:15:23 Error en Clanes4
02/02/2024 15:45:24 Error en Clanes4
02/02/2024 15:54:52 Error en Clanes4
02/02/2024 15:54:59 Subscript out of range
in ServidorArgentum.NPCs.OpenNPC at line 446
02/02/2024 15:54:59 Error cargando mapa: 53 - Pos: 18,15.Subscript out of range
02/02/2024 17:25:05 Error en Clanes4
02/02/2024 18:55:06 Error en Clanes4
02/02/2024 20:25:07 Error en Clanes4
02/02/2024 21:55:08 Error en Clanes4
02/02/2024 23:25:09 Error en Clanes4
03/02/2024 00:55:10 Error en Clanes4
03/02/2024 02:25:11 Error en Clanes4
03/02/2024 03:55:12 Error en Clanes4
03/02/2024 05:25:13 Error en Clanes4
03/02/2024 06:55:14 Error en Clanes4
03/02/2024 08:25:15 Error en Clanes4
03/02/2024 09:55:16 Error en Clanes4
03/02/2024 11:25:17 Error en Clanes4
03/02/2024 12:55:18 Error en Clanes4
03/02/2024 14:25:20 Error en Clanes4
03/02/2024 15:55:21 Error en Clanes4
03/02/2024 17:25:22 Error en Clanes4
03/02/2024 18:55:23 Error en Clanes4
03/02/2024 20:25:24 Error en Clanes4
03/02/2024 21:39:45 Error en Clanes4
03/02/2024 21:39:50 Subscript out of range
in ServidorArgentum.NPCs.OpenNPC at line 446
03/02/2024 21:39:50 Error cargando mapa: 53 - Pos: 18,15.Subscript out of range
03/02/2024 21:43:33 Error en Clanes4
03/02/2024 21:43:33 Error en WriteUpdateOnline. Terminal de Archivos no conectada.
03/02/2024 21:43:39 Subscript out of range
in ServidorArgentum.NPCs.OpenNPC at line 446
03/02/2024 21:43:39 Error cargando mapa: 53 - Pos: 18,15.Subscript out of range
03/02/2024 23:13:45 Error en Clanes4
04/02/2024 00:43:46 Error en Clanes4
04/02/2024 02:13:47 Error en Clanes4
04/02/2024 03:43:48 Error en Clanes4
04/02/2024 05:13:49 Error en Clanes4
04/02/2024 05:29:26 Error en Clanes4
04/02/2024 05:30:18 Subscript out of range
in ServidorArgentum.NPCs.OpenNPC at line 446
04/02/2024 05:30:18 Error cargando mapa: 53 - Pos: 18,15.Subscript out of range
04/02/2024 07:00:24 Error en Clanes4
04/02/2024 08:30:25 Error en Clanes4
04/02/2024 10:00:26 Error en Clanes4
04/02/2024 11:30:27 Error en Clanes4
04/02/2024 13:00:28 Error en Clanes4
04/02/2024 14:30:29 Error en Clanes4
04/02/2024 16:00:30 Error en Clanes4
04/02/2024 17:30:31 Error en Clanes4
04/02/2024 19:00:32 Error en Clanes4
04/02/2024 20:30:33 Error en Clanes4
04/02/2024 22:00:34 Error en Clanes4
04/02/2024 23:30:35 Error en Clanes4
05/02/2024 01:00:36 Error en Clanes4
05/02/2024 02:30:37 Error en Clanes4
05/02/2024 04:00:39 Error en Clanes4
05/02/2024 05:30:40 Error en Clanes4
05/02/2024 07:00:41 Error en Clanes4
05/02/2024 08:30:42 Error en Clanes4
05/02/2024 10:00:43 Error en Clanes4
05/02/2024 11:30:44 Error en Clanes4
05/02/2024 13:00:45 Error en Clanes4
05/02/2024 14:30:46 Error en Clanes4
05/02/2024 16:00:47 Error en Clanes4
05/02/2024 17:30:48 Error en Clanes4
05/02/2024 19:00:49 Error en Clanes4
05/02/2024 20:30:50 Error en Clanes4
05/02/2024 20:41:28 Error en Clanes4
05/02/2024 20:41:31 Subscript out of range
in ServidorArgentum.NPCs.OpenNPC at line 446
05/02/2024 20:41:31 Error cargando mapa: 53 - Pos: 18,15.Subscript out of range
05/02/2024 21:37:12 Error en Clanes4
05/02/2024 21:37:12 Error en WriteUpdateOnline. Terminal de Archivos no conectada.
05/02/2024 21:37:19 Subscript out of range
in ServidorArgentum.NPCs.OpenNPC at line 446
05/02/2024 21:37:19 Error cargando mapa: 53 - Pos: 18,15.Subscript out of range
05/02/2024 22:29:16 Error en Clanes4
05/02/2024 22:29:16 Error en WriteUpdateUserData. Terminal de Archivos no conectada.
05/02/2024 22:29:16 Error en WriteUpdateOnline. Terminal de Archivos no conectada.
05/02/2024 22:29:59 Subscript out of range
in ServidorArgentum.NPCs.OpenNPC at line 446
05/02/2024 22:29:59 Error cargando mapa: 53 - Pos: 85,22.Subscript out of range
05/02/2024 22:44:09 Error en Clanes4
05/02/2024 22:44:09 Error en WriteUpdateOnline. Terminal de Archivos no conectada.
05/02/2024 22:44:12 Subscript out of range
in ServidorArgentum.NPCs.OpenNPC at line 446
05/02/2024 22:44:12 Error cargando mapa: 53 - Pos: 85,22.Subscript out of range
05/02/2024 22:48:41 Error en Clanes4
05/02/2024 22:48:41 Error en WriteUpdateOnline. Terminal de Archivos no conectada.
05/02/2024 22:48:48 Subscript out of range
in ServidorArgentum.NPCs.OpenNPC at line 446
05/02/2024 22:48:48 Error cargando mapa: 53 - Pos: 85,22.Subscript out of range
05/02/2024 22:48:53 Error en WriteUpdateOnline. Terminal de Archivos no conectada.
05/02/2024 22:48:53 Error en WriteUpdateUserData. Terminal de Archivos no conectada.
05/02/2024 22:49:03 Error en WriteUpdateOnline. Terminal de Archivos no conectada.
05/02/2024 22:49:30 Error en WriteUpdateOnline. Terminal de Archivos no conectada.
05/02/2024 22:49:30 Error en WriteUpdateUserData. Terminal de Archivos no conectada.
05/02/2024 22:49:32 Error en WriteUpdateOnline. Terminal de Archivos no conectada.
05/02/2024 23:01:25 Error en Clanes4
05/02/2024 23:01:28 Subscript out of range
in ServidorArgentum.NPCs.OpenNPC at line 446
05/02/2024 23:01:28 Error cargando mapa: 53 - Pos: 85,22.Subscript out of range
05/02/2024 23:01:34 Error en WriteUpdateOnline. Terminal de Archivos no conectada.
05/02/2024 23:01:34 Error en WriteUpdateUserData. Terminal de Archivos no conectada.
05/02/2024 23:09:26 Error en Clanes4
05/02/2024 23:09:54 Subscript out of range
in ServidorArgentum.NPCs.OpenNPC at line 446
05/02/2024 23:09:54 Error cargando mapa: 53 - Pos: 85,22.Subscript out of range
05/02/2024 23:10:08 Error en WriteUpdateOnline. Terminal de Archivos no conectada.
05/02/2024 23:10:08 Error en WriteUpdateUserData. Terminal de Archivos no conectada.
05/02/2024 23:10:10 Error en WriteUpdateOnline. Terminal de Archivos no conectada.
05/02/2024 23:10:26 Error en WriteUpdateOnline. Terminal de Archivos no conectada.
06/02/2024 00:40:00 Error en Clanes4
06/02/2024 02:05:38 Error en Clanes4
06/02/2024 02:05:44 Subscript out of range
in ServidorArgentum.NPCs.OpenNPC at line 446
06/02/2024 02:05:44 Error cargando mapa: 53 - Pos: 85,22.Subscript out of range
06/02/2024 02:05:49 Subscript out of range
in ServidorArgentum.mDrop.Drops_Load at line 106
06/02/2024 02:07:06 Error en Clanes4
06/02/2024 02:07:09 Subscript out of range
in ServidorArgentum.NPCs.OpenNPC at line 446
06/02/2024 02:07:09 Error cargando mapa: 53 - Pos: 85,22.Subscript out of range
06/02/2024 02:07:14 Subscript out of range
in ServidorArgentum.mDrop.Drops_Load at line 106
06/02/2024 02:07:20 Error en Clanes4
06/02/2024 02:07:23 Subscript out of range
in ServidorArgentum.NPCs.OpenNPC at line 446
06/02/2024 02:07:23 Error cargando mapa: 53 - Pos: 85,22.Subscript out of range
06/02/2024 02:07:28 Subscript out of range
in ServidorArgentum.mDrop.Drops_Load at line 106
06/02/2024 02:28:10 Error en Clanes4
06/02/2024 02:28:10 Error en WriteUpdateUserData. Terminal de Archivos no conectada.
06/02/2024 02:28:10 Error en WriteUpdateOnline. Terminal de Archivos no conectada.
06/02/2024 02:28:14 Subscript out of range
in ServidorArgentum.NPCs.OpenNPC at line 446
06/02/2024 02:28:14 Error cargando mapa: 53 - Pos: 85,22.Subscript out of range
06/02/2024 02:28:20 Subscript out of range
in ServidorArgentum.mDrop.Drops_Load at line 106
06/02/2024 02:28:20 Error en WriteUpdateOnline. Terminal de Archivos no conectada.
06/02/2024 02:28:20 Error en WriteUpdateUserData. Terminal de Archivos no conectada.
06/02/2024 02:35:33 Error en Clanes4
06/02/2024 02:35:42 Subscript out of range
in ServidorArgentum.NPCs.OpenNPC at line 446
06/02/2024 02:35:42 Error cargando mapa: 53 - Pos: 85,22.Subscript out of range
06/02/2024 02:35:47 Subscript out of range
in ServidorArgentum.mDrop.Drops_Load at line 106
06/02/2024 02:36:41 Error en Clanes4
06/02/2024 02:36:45 Subscript out of range
in ServidorArgentum.NPCs.OpenNPC at line 446
06/02/2024 02:36:45 Error cargando mapa: 53 - Pos: 85,22.Subscript out of range
06/02/2024 02:36:50 Subscript out of range
in ServidorArgentum.mDrop.Drops_Load at line 106
06/02/2024 03:09:55 Error en Clanes4
06/02/2024 03:10:02 Subscript out of range
in ServidorArgentum.NPCs.OpenNPC at line 446
06/02/2024 03:10:02 Error cargando mapa: 53 - Pos: 85,22.Subscript out of range
06/02/2024 03:10:07 Subscript out of range
in ServidorArgentum.mDrop.Drops_Load at line 106
06/02/2024 04:40:08 Error en Clanes4
06/02/2024 06:10:09 Error en Clanes4
06/02/2024 07:40:10 Error en Clanes4
06/02/2024 09:10:11 Error en Clanes4
06/02/2024 10:40:12 Error en Clanes4
06/02/2024 12:10:13 Error en Clanes4
06/02/2024 13:40:15 Error en Clanes4
06/02/2024 15:10:16 Error en Clanes4
06/02/2024 16:40:17 Error en Clanes4
06/02/2024 18:10:18 Error en Clanes4
06/02/2024 19:40:19 Error en Clanes4
06/02/2024 21:10:20 Error en Clanes4
06/02/2024 22:40:21 Error en Clanes4
07/02/2024 00:10:22 Error en Clanes4
07/02/2024 01:17:18 Error en Clanes4
07/02/2024 01:17:18 Error en WriteUpdateOnline. Terminal de Archivos no conectada.
07/02/2024 01:17:23 Subscript out of range
in ServidorArgentum.NPCs.OpenNPC at line 446
07/02/2024 01:17:23 Error cargando mapa: 53 - Pos: 85,22.Subscript out of range
07/02/2024 01:17:27 Subscript out of range
in ServidorArgentum.mDrop.Drops_Load at line 106
07/02/2024 01:57:33 Error en Clanes4
07/02/2024 01:57:36 Subscript out of range
in ServidorArgentum.NPCs.OpenNPC at line 446
07/02/2024 01:57:36 Error cargando mapa: 53 - Pos: 85,22.Subscript out of range
07/02/2024 01:57:40 Subscript out of range
in ServidorArgentum.mDrop.Drops_Load at line 106
07/02/2024 03:27:41 Error en Clanes4
07/02/2024 04:57:42 Error en Clanes4
07/02/2024 06:27:43 Error en Clanes4
07/02/2024 07:57:45 Error en Clanes4
07/02/2024 09:27:46 Error en Clanes4
07/02/2024 10:57:47 Error en Clanes4
07/02/2024 12:27:48 Error en Clanes4
07/02/2024 13:57:49 Error en Clanes4
07/02/2024 15:27:50 Error en Clanes4
07/02/2024 16:57:51 Error en Clanes4
07/02/2024 18:27:52 Error en Clanes4
07/02/2024 19:57:54 Error en Clanes4
07/02/2024 21:27:55 Error en Clanes4
07/02/2024 22:57:56 Error en Clanes4
08/02/2024 00:27:57 Error en Clanes4
08/02/2024 01:57:58 Error en Clanes4
08/02/2024 03:27:59 Error en Clanes4
08/02/2024 04:58:01 Error en Clanes4
08/02/2024 06:28:02 Error en Clanes4
08/02/2024 07:58:03 Error en Clanes4
08/02/2024 09:28:04 Error en Clanes4
08/02/2024 10:58:05 Error en Clanes4
08/02/2024 12:28:07 Error en Clanes4
08/02/2024 13:58:08 Error en Clanes4
08/02/2024 15:28:09 Error en Clanes4
08/02/2024 16:58:10 Error en Clanes4
08/02/2024 18:28:11 Error en Clanes4
08/02/2024 19:58:13 Error en Clanes4
08/02/2024 21:28:14 Error en Clanes4
08/02/2024 22:58:15 Error en Clanes4
09/02/2024 00:28:16 Error en Clanes4
09/02/2024 01:58:17 Error en Clanes4
09/02/2024 03:28:18 Error en Clanes4
09/02/2024 04:58:20 Error en Clanes4
09/02/2024 06:28:21 Error en Clanes4
09/02/2024 07:58:22 Error en Clanes4
09/02/2024 09:28:23 Error en Clanes4
09/02/2024 10:58:24 Error en Clanes4
09/02/2024 12:28:25 Error en Clanes4
09/02/2024 13:58:26 Error en Clanes4
09/02/2024 15:28:27 Error en Clanes4
09/02/2024 16:58:29 Error en Clanes4
09/02/2024 18:28:30 Error en Clanes4
09/02/2024 19:58:31 Error en Clanes4
09/02/2024 21:28:32 Error en Clanes4
09/02/2024 22:58:33 Error en Clanes4
10/02/2024 00:28:34 Error en Clanes4
10/02/2024 01:58:35 Error en Clanes4
10/02/2024 03:28:36 Error en Clanes4
10/02/2024 04:58:37 Error en Clanes4
10/02/2024 06:28:38 Error en Clanes4
10/02/2024 07:58:39 Error en Clanes4
10/02/2024 09:28:41 Error en Clanes4
10/02/2024 10:58:42 Error en Clanes4
10/02/2024 12:28:43 Error en Clanes4
10/02/2024 13:58:44 Error en Clanes4
10/02/2024 15:28:45 Error en Clanes4
10/02/2024 16:58:46 Error en Clanes4
10/02/2024 18:28:47 Error en Clanes4
10/02/2024 19:58:48 Error en Clanes4
10/02/2024 21:28:50 Error en Clanes4
10/02/2024 22:58:51 Error en Clanes4
11/02/2024 00:28:52 Error en Clanes4
11/02/2024 01:58:53 Error en Clanes4
11/02/2024 03:28:55 Error en Clanes4
11/02/2024 04:58:56 Error en Clanes4
11/02/2024 06:28:57 Error en Clanes4
11/02/2024 07:58:59 Error en Clanes4
11/02/2024 09:29:00 Error en Clanes4
11/02/2024 10:59:01 Error en Clanes4
11/02/2024 12:29:03 Error en Clanes4
11/02/2024 13:59:04 Error en Clanes4
11/02/2024 15:29:05 Error en Clanes4
11/02/2024 16:59:06 Error en Clanes4
11/02/2024 18:29:07 Error en Clanes4
11/02/2024 19:59:09 Error en Clanes4
11/02/2024 21:29:10 Error en Clanes4
11/02/2024 22:59:11 Error en Clanes4
