26/01/2024 11:00:00 NICK GM JARVIS
_______________________________________
'1VS1 | Rounds: 3s
¡El Pozo Mayor es 71 Puntos de Torneo! 
Requisito de nivel: 30 a 42. 
Clases permitidas - Mago, Clerigo, Bardo, Druida
Valor Inscripción (ORO): 76000 de oro. (Llevate el pozo acumulado) 
Premios:  | Objeto: Piel de Pinguino (x1)
Para inscribirte tipea el comando: '/TORNEO 1VS1'
_______________________________________

26/01/2024 11:15:00 NICK GM JARVIS
_______________________________________
'PLANTE | Rounds: 3s. (Final a 7)
¡El Pozo Mayor es 74 Puntos de Torneo! 
Requisito de nivel: 30 a 44. 
Clases permitidas - Druida
Valor Inscripción (ORO): 44000 de oro. (Llevate el pozo acumulado) 
Premios:  | Objeto: Piel de Pinguino (x1)
Para inscribirte tipea el comando: '/TORNEO PLANTE'
_______________________________________

26/01/2024 11:30:00 NICK GM JARVIS
_______________________________________
'PLANTE | Rounds: 3s
¡El Pozo Mayor es 71 Puntos de Torneo! 
Requisito de nivel: 30 a 47. 
Clases permitidas - Guerrero, Asesino, Paladin, Cazador
Valor Inscripción (ORO): 76000 de oro. (Llevate el pozo acumulado) 
Premios:  | Objeto: Piel de Pinguino (x1)
Para inscribirte tipea el comando: '/TORNEO PLANTE'
_______________________________________

26/01/2024 11:45:00 NICK GM JARVIS
_______________________________________
'2VS2 | Rounds: 3s. (Final a 5)
¡El Pozo Mayor es 41 Puntos de Torneo! 
Requisito de nivel: 30 a 47. 
Clases permitidas - Mago, Clerigo, Asesino, Bardo, Druida, Paladin
Valor Inscripción (ORO): 12500 de oro. (Llevate el pozo acumulado) 
Premios:  | Objeto: Piel de Pinguino (x1)
Para inscribirte tipea el comando: '/TORNEO 2VS2'
_______________________________________

26/01/2024 12:00:00 NICK GM JARVIS
_______________________________________
'2VS2 | Rounds: 3s
¡El Pozo Mayor es 39 Puntos de Torneo! 
Requisito de nivel: 30 a 47. 
Clases permitidas - Mago, Clerigo, Asesino, Bardo, Druida, Paladin
Valor Inscripción (ORO): 22000 de oro. (Llevate el pozo acumulado) 
Para inscribirte tipea el comando: '/TORNEO 2VS2'
_______________________________________

26/01/2024 12:15:00 NICK GM JARVIS
_______________________________________
'1VS1 | Rounds: 3s. (Final a 5)
¡El Pozo Mayor es 73 Puntos de Torneo! 
Requisito de nivel: 30 a 47. 
Clases permitidas - Asesino, Paladin
Valor Inscripción (ORO): 20500 de oro. (Llevate el pozo acumulado) 
Para inscribirte tipea el comando: '/TORNEO 1VS1'
_______________________________________

26/01/2024 12:30:00 NICK GM JARVIS
_______________________________________
'3VS3 (Fuego Amigo) | Rounds: 1. (Final a 3)
¡El Pozo Mayor es 18 Puntos de Torneo! 
Requisito de nivel: 30 a 42. 
Clases permitidas - Mago, Clerigo, Guerrero, Asesino, Bardo, Druida, Paladin, Cazador
Valor Inscripción (ORO): 20000 de oro. (Llevate el pozo acumulado) 
Premios:  | Objeto: Piel de Pinguino (x1)
Para inscribirte tipea el comando: '/TORNEO 3VS3'
_______________________________________

26/01/2024 12:45:00 NICK GM JARVIS
_______________________________________
'1VS1 | Rounds: 1. (Final a 5)
¡El Pozo Mayor es 67 Puntos de Torneo! 
Requisito de nivel: 30 a 44. 
Clases permitidas - Mago, Clerigo, Bardo, Druida
Valor Inscripción (ORO): 70000 de oro. (Llevate el pozo acumulado) 
Para inscribirte tipea el comando: '/TORNEO 1VS1'
_______________________________________

26/01/2024 13:00:00 NICK GM JARVIS
_______________________________________
'1VS1 | Rounds: 1. (Final a 5)
¡El Pozo Mayor es 67 Puntos de Torneo! 
Requisito de nivel: 30 a 45. 
Clases permitidas - Mago, Clerigo, Bardo, Druida
Valor Inscripción (ORO): 35000 de oro. (Llevate el pozo acumulado) 
Para inscribirte tipea el comando: '/TORNEO 1VS1'
_______________________________________

26/01/2024 13:15:00 NICK GM JARVIS
_______________________________________
'3VS3 | Rounds: 1. (Final a 5)
¡El Pozo Mayor es 19 Puntos de Torneo! 
Requisito de nivel: 30 a 42. 
Clases permitidas - Mago, Clerigo, Guerrero, Asesino, Bardo, Druida, Paladin, Cazador
Valor Inscripción (ORO): 11000 de oro. (Llevate el pozo acumulado) 
Para inscribirte tipea el comando: '/TORNEO 3VS3'
_______________________________________

26/01/2024 13:42:27 NICK GM JARVIS
_______________________________________
'1VS1 | Rounds: 1. (Final a 5)
¡El Pozo Mayor es 67 Puntos de Torneo! 
Requisito de nivel: 30 a 47. 
Clases permitidas - Asesino
Valor Inscripción (ORO): 35000 de oro. (Llevate el pozo acumulado) 
Premios:  | Objeto: Piel de Pinguino (x1)
Para inscribirte tipea el comando: '/TORNEO 1VS1'
_______________________________________

26/01/2024 13:59:22 NICK GM JARVIS
_______________________________________
'2VS2 | Rounds: 3s. (Final a 7)
¡El Pozo Mayor es 42 Puntos de Torneo! 
Requisito de nivel: 30 a 42. 
Clases permitidas - Mago, Clerigo, Asesino, Bardo, Druida, Paladin
Valor Inscripción (ORO): 56000 de oro. (Llevate el pozo acumulado) 
Para inscribirte tipea el comando: '/TORNEO 2VS2'
_______________________________________

26/01/2024 14:14:22 NICK GM JARVIS
_______________________________________
'2VS2 | Rounds: 3s. (Final a 5)
¡El Pozo Mayor es 41 Puntos de Torneo! 
Requisito de nivel: 30 a 47. 
Clases permitidas - Mago, Clerigo, Asesino, Bardo, Druida, Paladin
Valor Inscripción (ORO): 25000 de oro. (Llevate el pozo acumulado) 
Para inscribirte tipea el comando: '/TORNEO 2VS2'
_______________________________________

26/01/2024 14:29:22 NICK GM JARVIS
_______________________________________
'3VS3 (Fuego Amigo) | Rounds: 3s. (Final a 5)
¡El Pozo Mayor es 25 Puntos de Torneo! 
Requisito de nivel: 30 a 42. 
Clases permitidas - Mago, Clerigo, Guerrero, Asesino, Bardo, Druida, Paladin, Cazador
Valor Inscripción (ORO): 8500 de oro. (Llevate el pozo acumulado) 
Para inscribirte tipea el comando: '/TORNEO 3VS3'
_______________________________________

26/01/2024 14:44:22 NICK GM JARVIS
_______________________________________
'3VS3 | Rounds: 1. (Final a 3)
¡El Pozo Mayor es 18 Puntos de Torneo! 
Requisito de nivel: 30 a 44. 
Clases permitidas - Mago, Clerigo, Guerrero, Asesino, Bardo, Druida, Paladin, Cazador
Valor Inscripción (ORO): 20000 de oro. (Llevate el pozo acumulado) 
Para inscribirte tipea el comando: '/TORNEO 3VS3'
_______________________________________

26/01/2024 14:59:22 NICK GM JARVIS
_______________________________________
'3VS3 | Rounds: 1. (Final a 3)
¡El Pozo Mayor es 18 Puntos de Torneo! 
Requisito de nivel: 30 a 42. 
Clases permitidas - Mago, Clerigo, Guerrero, Asesino, Bardo, Druida, Paladin, Cazador
Valor Inscripción (ORO): 20000 de oro. (Llevate el pozo acumulado) 
Para inscribirte tipea el comando: '/TORNEO 3VS3'
_______________________________________

26/01/2024 15:14:22 NICK GM JARVIS
_______________________________________
'1VS1 | Rounds: 3s. (Final a 7)
¡El Pozo Mayor es 74 Puntos de Torneo! 
Requisito de nivel: 30 a 44. 
Clases permitidas - Mago, Clerigo, Bardo, Druida
Valor Inscripción (ORO): 88000 de oro. (Llevate el pozo acumulado) 
Premios:  | Objeto: Piel de Pinguino (x1)
Para inscribirte tipea el comando: '/TORNEO 1VS1'
_______________________________________

26/01/2024 15:37:04 NICK GM JARVIS
_______________________________________
'PLANTE | Rounds: 1. (Final a 7)
¡El Pozo Mayor es 67 Puntos de Torneo! 
Requisito de nivel: 30 a 47. 
Clases permitidas - Guerrero, Asesino, Paladin, Cazador
Valor Inscripción (ORO): 36000 de oro. (Llevate el pozo acumulado) 
Premios:  | Objeto: Piel de Pinguino (x1)
Regla especial: No se permiten Cascos-Escudos. 
Para inscribirte tipea el comando: '/TORNEO PLANTE'
_______________________________________

26/01/2024 15:52:04 NICK GM JARVIS
_______________________________________
'3VS3 | Rounds: 1. (Final a 3)
¡El Pozo Mayor es 18 Puntos de Torneo! 
Requisito de nivel: 30 a 42. 
Clases permitidas - Mago, Clerigo, Guerrero, Asesino, Bardo, Druida, Paladin, Cazador
Valor Inscripción (ORO): 10000 de oro. (Llevate el pozo acumulado) 
Para inscribirte tipea el comando: '/TORNEO 3VS3'
_______________________________________

26/01/2024 16:07:04 NICK GM JARVIS
_______________________________________
'2VS2 | Rounds: 1. (Final a 7)
¡El Pozo Mayor es 35 Puntos de Torneo! 
Requisito de nivel: 30 a 47. 
Clases permitidas - Mago, Clerigo, Asesino, Bardo, Druida, Paladin
Valor Inscripción (ORO): 20000 de oro. (Llevate el pozo acumulado) 
Premios:  | Objeto: Piel de Pinguino (x1)
Para inscribirte tipea el comando: '/TORNEO 2VS2'
_______________________________________

26/01/2024 16:22:04 NICK GM JARVIS
_______________________________________
'3VS3 | Rounds: 1. (Final a 3)
¡El Pozo Mayor es 18 Puntos de Torneo! 
Requisito de nivel: 30 a 42. 
Clases permitidas - Mago, Clerigo, Guerrero, Asesino, Bardo, Druida, Paladin, Cazador
Valor Inscripción (ORO): 5000 de oro. (Llevate el pozo acumulado) 
Premios:  | Objeto: Piel de Pinguino (x1)
Para inscribirte tipea el comando: '/TORNEO 3VS3'
_______________________________________

26/01/2024 16:37:04 NICK GM JARVIS
_______________________________________
'PLANTE | Rounds: 1. (Final a 5)
¡El Pozo Mayor es 67 Puntos de Torneo! 
Requisito de nivel: 30 a 45. 
Clases permitidas - Asesino, Paladin
Valor Inscripción (ORO): 70000 de oro. (Llevate el pozo acumulado) 
Regla especial: No se permiten Cascos-Escudos. 
Para inscribirte tipea el comando: '/TORNEO PLANTE'
_______________________________________

26/01/2024 16:52:04 NICK GM JARVIS
_______________________________________
'3VS3 | Rounds: 1. (Final a 5)
¡El Pozo Mayor es 19 Puntos de Torneo! 
Requisito de nivel: 30 a 42. 
Clases permitidas - Mago, Clerigo, Guerrero, Asesino, Bardo, Druida, Paladin, Cazador
Valor Inscripción (ORO): 22000 de oro. (Llevate el pozo acumulado) 
Para inscribirte tipea el comando: '/TORNEO 3VS3'
_______________________________________

26/01/2024 17:07:04 NICK GM JARVIS
_______________________________________
'3VS3 | Rounds: 1. (Final a 5)
¡El Pozo Mayor es 19 Puntos de Torneo! 
Requisito de nivel: 30 a 42. 
Clases permitidas - Mago, Clerigo, Guerrero, Asesino, Bardo, Druida, Paladin, Cazador
Valor Inscripción (ORO): 22000 de oro. (Llevate el pozo acumulado) 
Para inscribirte tipea el comando: '/TORNEO 3VS3'
_______________________________________

26/01/2024 17:22:04 NICK GM JARVIS
_______________________________________
'1VS1 | Rounds: 3s
¡El Pozo Mayor es 71 Puntos de Torneo! 
Requisito de nivel: 30 a 42. 
Clases permitidas - Mago, Clerigo, Bardo, Druida
Valor Inscripción (ORO): 76000 de oro. (Llevate el pozo acumulado) 
Para inscribirte tipea el comando: '/TORNEO 1VS1'
_______________________________________

26/01/2024 17:37:04 NICK GM JARVIS
_______________________________________
'2VS2 | Rounds: 1. (Final a 3)
¡El Pozo Mayor es 34 Puntos de Torneo! 
Requisito de nivel: 30 a 42. 
Clases permitidas - Mago, Clerigo, Asesino, Bardo, Druida, Paladin
Valor Inscripción (ORO): 9000 de oro. (Llevate el pozo acumulado) 
Premios:  | Objeto: Piel de Pinguino (x1)
Para inscribirte tipea el comando: '/TORNEO 2VS2'
_______________________________________

26/01/2024 17:52:04 NICK GM JARVIS
_______________________________________
'2VS2 (Fuego Amigo) | Rounds: 3s. (Final a 5)
¡El Pozo Mayor es 41 Puntos de Torneo! 
Requisito de nivel: 30 a 47. 
Clases permitidas - Mago, Clerigo, Asesino, Bardo, Druida, Paladin
Valor Inscripción (ORO): 50000 de oro. (Llevate el pozo acumulado) 
Premios:  | Objeto: Piel de Pinguino (x1)
Para inscribirte tipea el comando: '/TORNEO 2VS2'
_______________________________________

26/01/2024 18:07:04 NICK GM JARVIS
_______________________________________
'1VS1 | Rounds: 1. (Final a 5)
¡El Pozo Mayor es 67 Puntos de Torneo! 
Requisito de nivel: 30 a 47. 
Clases permitidas - Asesino, Paladin
Valor Inscripción (ORO): 35000 de oro. (Llevate el pozo acumulado) 
Regla especial: No se permiten Cascos-Escudos. 
Para inscribirte tipea el comando: '/TORNEO 1VS1'
_______________________________________

26/01/2024 18:22:04 NICK GM JARVIS
_______________________________________
'3VS3 | Rounds: 1. (Final a 3)
¡El Pozo Mayor es 18 Puntos de Torneo! 
Requisito de nivel: 30 a 42. 
Clases permitidas - Mago, Clerigo, Guerrero, Asesino, Bardo, Druida, Paladin, Cazador
Valor Inscripción (ORO): 20000 de oro. (Llevate el pozo acumulado) 
Para inscribirte tipea el comando: '/TORNEO 3VS3'
_______________________________________

26/01/2024 18:37:04 NICK GM JARVIS
_______________________________________
'3VS3 | Rounds: 1. (Final a 5)
¡El Pozo Mayor es 19 Puntos de Torneo! 
Requisito de nivel: 30 a 42. 
Clases permitidas - Mago, Clerigo, Guerrero, Asesino, Bardo, Druida, Paladin, Cazador
Valor Inscripción (ORO): 5500 de oro. (Llevate el pozo acumulado) 
Para inscribirte tipea el comando: '/TORNEO 3VS3'
_______________________________________

26/01/2024 18:52:04 NICK GM JARVIS
_______________________________________
'1VS1 | Rounds: 3s. (Final a 5)
¡El Pozo Mayor es 73 Puntos de Torneo! 
Requisito de nivel: 30 a 44. 
Clases permitidas - Asesino, Paladin
Valor Inscripción (ORO): 41000 de oro. (Llevate el pozo acumulado) 
Regla especial: No se permiten Cascos-Escudos. 
Para inscribirte tipea el comando: '/TORNEO 1VS1'
_______________________________________

26/01/2024 19:07:04 NICK GM JARVIS
_______________________________________
'3VS3 (Fuego Amigo) | Rounds: 1. (Final a 3)
¡El Pozo Mayor es 18 Puntos de Torneo! 
Requisito de nivel: 30 a 47. 
Clases permitidas - Mago, Clerigo, Guerrero, Asesino, Bardo, Druida, Paladin, Cazador
Valor Inscripción (ORO): 5000 de oro. (Llevate el pozo acumulado) 
Para inscribirte tipea el comando: '/TORNEO 3VS3'
_______________________________________

26/01/2024 19:22:04 NICK GM JARVIS
_______________________________________
'4VS4 | Rounds: 3s. (Final a 5)
¡El Pozo Mayor es 25 Puntos de Torneo! 
Requisito de nivel: 30 a 42. 
Clases permitidas - Mago, Clerigo, Guerrero, Asesino, Bardo, Druida, Paladin, Cazador
Valor Inscripción (ORO): 34000 de oro. (Llevate el pozo acumulado) 
Premios:  | Objeto: Piel de Pinguino (x1)
Para inscribirte tipea el comando: '/TORNEO 4VS4'
_______________________________________

26/01/2024 19:37:04 NICK GM JARVIS
_______________________________________
'2VS2 (Fuego Amigo) | Rounds: 1. (Final a 5)
¡El Pozo Mayor es 35 Puntos de Torneo! 
Requisito de nivel: 30 a 47. 
Clases permitidas - Mago, Clerigo, Asesino, Bardo, Druida, Paladin
Valor Inscripción (ORO): 38000 de oro. (Llevate el pozo acumulado) 
Para inscribirte tipea el comando: '/TORNEO 2VS2'
_______________________________________

26/01/2024 19:52:04 NICK GM JARVIS
_______________________________________
'3VS3 | Rounds: 3s. (Final a 5)
¡El Pozo Mayor es 25 Puntos de Torneo! 
Requisito de nivel: 30 a 45. 
Clases permitidas - Mago, Clerigo, Guerrero, Asesino, Bardo, Druida, Paladin, Cazador
Valor Inscripción (ORO): 34000 de oro. (Llevate el pozo acumulado) 
Premios:  | Objeto: Piel de Pinguino (x1)
Para inscribirte tipea el comando: '/TORNEO 3VS3'
_______________________________________

26/01/2024 20:07:04 NICK GM JARVIS
_______________________________________
'2VS2 | Rounds: 3s. (Final a 7)
¡El Pozo Mayor es 42 Puntos de Torneo! 
Requisito de nivel: 30 a 47. 
Clases permitidas - Mago, Clerigo, Asesino, Bardo, Druida, Paladin
Valor Inscripción (ORO): 56000 de oro. (Llevate el pozo acumulado) 
Premios:  | Objeto: Piel de Pinguino (x1)
Para inscribirte tipea el comando: '/TORNEO 2VS2'
_______________________________________

26/01/2024 20:22:04 NICK GM JARVIS
_______________________________________
'1VS1 | Rounds: 3s
¡El Pozo Mayor es 71 Puntos de Torneo! 
Requisito de nivel: 30 a 47. 
Clases permitidas - Druida
Valor Inscripción (ORO): 19000 de oro. (Llevate el pozo acumulado) 
Premios:  | Objeto: Piel de Pinguino (x1)
Para inscribirte tipea el comando: '/TORNEO 1VS1'
_______________________________________

26/01/2024 20:37:04 NICK GM JARVIS
_______________________________________
'2VS2 | Rounds: 1. (Final a 5)
¡El Pozo Mayor es 35 Puntos de Torneo! 
Requisito de nivel: 30 a 47. 
Clases permitidas - Mago, Clerigo, Asesino, Bardo, Druida, Paladin
Valor Inscripción (ORO): 38000 de oro. (Llevate el pozo acumulado) 
Premios:  | Objeto: Piel de Pinguino (x1)
Para inscribirte tipea el comando: '/TORNEO 2VS2'
_______________________________________

26/01/2024 20:52:05 NICK GM JARVIS
_______________________________________
'1VS1 | Rounds: 1. (Final a 3)
¡El Pozo Mayor es 66 Puntos de Torneo! 
Requisito de nivel: 30 a 42. 
Clases permitidas - Asesino, Paladin
Valor Inscripción (ORO): 34000 de oro. (Llevate el pozo acumulado) 
Premios:  | Objeto: Piel de Pinguino (x1)
Regla especial: No se permiten Cascos-Escudos. 
Para inscribirte tipea el comando: '/TORNEO 1VS1'
_______________________________________

26/01/2024 21:07:05 NICK GM JARVIS
_______________________________________
'3VS3 (Fuego Amigo) | Rounds: 3s
¡El Pozo Mayor es 23 Puntos de Torneo! 
Requisito de nivel: 30 a 45. 
Clases permitidas - Mago, Clerigo, Guerrero, Asesino, Bardo, Druida, Paladin, Cazador
Valor Inscripción (ORO): 28000 de oro. (Llevate el pozo acumulado) 
Premios:  | Objeto: Piel de Pinguino (x1)
Para inscribirte tipea el comando: '/TORNEO 3VS3'
_______________________________________

26/01/2024 21:22:05 NICK GM JARVIS
_______________________________________
'2VS2 | Rounds: 3s. (Final a 5)
¡El Pozo Mayor es 41 Puntos de Torneo! 
Requisito de nivel: 30 a 47. 
Clases permitidas - Mago, Clerigo, Asesino, Bardo, Druida, Paladin
Valor Inscripción (ORO): 25000 de oro. (Llevate el pozo acumulado) 
Premios:  | Objeto: Piel de Pinguino (x1)
Para inscribirte tipea el comando: '/TORNEO 2VS2'
_______________________________________

26/01/2024 21:37:05 NICK GM JARVIS
_______________________________________
'3VS3 (Fuego Amigo) | Rounds: 1. (Final a 3)
¡El Pozo Mayor es 18 Puntos de Torneo! 
Requisito de nivel: 30 a 47. 
Clases permitidas - Mago, Clerigo, Guerrero, Asesino, Bardo, Druida, Paladin, Cazador
Valor Inscripción (ORO): 10000 de oro. (Llevate el pozo acumulado) 
Premios:  | Objeto: Piel de Pinguino (x1)
Para inscribirte tipea el comando: '/TORNEO 3VS3'
_______________________________________

26/01/2024 21:52:05 NICK GM JARVIS
_______________________________________
'3VS3 | Rounds: 1. (Final a 3)
¡El Pozo Mayor es 18 Puntos de Torneo! 
Requisito de nivel: 30 a 45. 
Clases permitidas - Mago, Clerigo, Guerrero, Asesino, Bardo, Druida, Paladin, Cazador
Valor Inscripción (ORO): 5000 de oro. (Llevate el pozo acumulado) 
Para inscribirte tipea el comando: '/TORNEO 3VS3'
_______________________________________

26/01/2024 22:07:05 NICK GM JARVIS
_______________________________________
'1VS1 | Rounds: 3s. (Final a 5)
¡El Pozo Mayor es 73 Puntos de Torneo! 
Requisito de nivel: 30 a 44. 
Clases permitidas - Mago, Clerigo, Bardo, Druida
Valor Inscripción (ORO): 41000 de oro. (Llevate el pozo acumulado) 
Premios:  | Objeto: Piel de Pinguino (x1)
Para inscribirte tipea el comando: '/TORNEO 1VS1'
_______________________________________

26/01/2024 22:37:23 NICK GM JARVIS
_______________________________________
'3VS3 | Rounds: 1. (Final a 7)
¡El Pozo Mayor es 19 Puntos de Torneo! 
Requisito de nivel: 30 a 44. 
Clases permitidas - Mago, Clerigo, Guerrero, Asesino, Bardo, Druida, Paladin, Cazador
Valor Inscripción (ORO): 24000 de oro. (Llevate el pozo acumulado) 
Premios:  | Objeto: Piel de Pinguino (x1)
Para inscribirte tipea el comando: '/TORNEO 3VS3'
_______________________________________

26/01/2024 22:52:23 NICK GM JARVIS
_______________________________________
'2VS2 (Fuego Amigo) | Rounds: 3s. (Final a 5)
¡El Pozo Mayor es 41 Puntos de Torneo! 
Requisito de nivel: 30 a 45. 
Clases permitidas - Mago, Clerigo, Asesino, Bardo, Druida, Paladin
Valor Inscripción (ORO): 50000 de oro. (Llevate el pozo acumulado) 
Para inscribirte tipea el comando: '/TORNEO 2VS2'
_______________________________________

26/01/2024 23:07:23 NICK GM JARVIS
_______________________________________
'1VS1 | Rounds: 3s
¡El Pozo Mayor es 71 Puntos de Torneo! 
Requisito de nivel: 30 a 42. 
Clases permitidas - Asesino, Paladin
Valor Inscripción (ORO): 76000 de oro. (Llevate el pozo acumulado) 
Regla especial: No se permiten Cascos-Escudos. 
Para inscribirte tipea el comando: '/TORNEO 1VS1'
_______________________________________

26/01/2024 23:22:23 NICK GM JARVIS
_______________________________________
'2VS2 | Rounds: 1. (Final a 3)
¡El Pozo Mayor es 34 Puntos de Torneo! 
Requisito de nivel: 30 a 42. 
Clases permitidas - Mago, Clerigo, Asesino, Bardo, Druida, Paladin
Valor Inscripción (ORO): 18000 de oro. (Llevate el pozo acumulado) 
Para inscribirte tipea el comando: '/TORNEO 2VS2'
_______________________________________

26/01/2024 23:37:23 NICK GM JARVIS
_______________________________________
'3VS3 | Rounds: 1. (Final a 5)
¡El Pozo Mayor es 19 Puntos de Torneo! 
Requisito de nivel: 30 a 47. 
Clases permitidas - Mago, Clerigo, Guerrero, Asesino, Bardo, Druida, Paladin, Cazador
Valor Inscripción (ORO): 11000 de oro. (Llevate el pozo acumulado) 
Premios:  | Objeto: Piel de Pinguino (x1)
Para inscribirte tipea el comando: '/TORNEO 3VS3'
_______________________________________

26/01/2024 23:52:23 NICK GM JARVIS
_______________________________________
'3VS3 (Fuego Amigo) | Rounds: 3s. (Final a 5)
¡El Pozo Mayor es 25 Puntos de Torneo! 
Requisito de nivel: 30 a 42. 
Clases permitidas - Mago, Clerigo, Guerrero, Asesino, Bardo, Druida, Paladin, Cazador
Valor Inscripción (ORO): 34000 de oro. (Llevate el pozo acumulado) 
Para inscribirte tipea el comando: '/TORNEO 3VS3'
_______________________________________

27/01/2024 00:07:23 NICK GM JARVIS
_______________________________________
'2VS2 | Rounds: 3s. (Final a 7)
¡El Pozo Mayor es 42 Puntos de Torneo! 
Requisito de nivel: 30 a 45. 
Clases permitidas - Mago, Clerigo, Asesino, Bardo, Druida, Paladin
Valor Inscripción (ORO): 56000 de oro. (Llevate el pozo acumulado) 
Premios:  | Objeto: Piel de Pinguino (x1)
Para inscribirte tipea el comando: '/TORNEO 2VS2'
_______________________________________

27/01/2024 00:22:23 NICK GM JARVIS
_______________________________________
'3VS3 | Rounds: 1. (Final a 3)
¡El Pozo Mayor es 18 Puntos de Torneo! 
Requisito de nivel: 30 a 44. 
Clases permitidas - Mago, Clerigo, Guerrero, Asesino, Bardo, Druida, Paladin, Cazador
Valor Inscripción (ORO): 10000 de oro. (Llevate el pozo acumulado) 
Premios:  | Objeto: Piel de Pinguino (x1)
Para inscribirte tipea el comando: '/TORNEO 3VS3'
_______________________________________

27/01/2024 00:37:23 NICK GM JARVIS
_______________________________________
'1VS1 | Rounds: 1. (Final a 7)
¡El Pozo Mayor es 67 Puntos de Torneo! 
Requisito de nivel: 30 a 47. 
Clases permitidas - Mago, Clerigo, Bardo, Druida
Valor Inscripción (ORO): 18000 de oro. (Llevate el pozo acumulado) 
Para inscribirte tipea el comando: '/TORNEO 1VS1'
_______________________________________

27/01/2024 00:52:23 NICK GM JARVIS
_______________________________________
'2VS2 (Fuego Amigo) | Rounds: 3s. (Final a 7)
¡El Pozo Mayor es 42 Puntos de Torneo! 
Requisito de nivel: 30 a 47. 
Clases permitidas - Mago, Clerigo, Asesino, Bardo, Druida, Paladin
Valor Inscripción (ORO): 28000 de oro. (Llevate el pozo acumulado) 
Para inscribirte tipea el comando: '/TORNEO 2VS2'
_______________________________________

27/01/2024 01:25:41 NICK GM JARVIS
_______________________________________
'3VS3 | Rounds: 1. (Final a 5)
¡El Pozo Mayor es 19 Puntos de Torneo! 
Requisito de nivel: 30 a 44. 
Clases permitidas - Mago, Clerigo, Guerrero, Asesino, Bardo, Druida, Paladin, Cazador
Valor Inscripción (ORO): 11000 de oro. (Llevate el pozo acumulado) 
Para inscribirte tipea el comando: '/TORNEO 3VS3'
_______________________________________

27/01/2024 01:51:01 NICK GM JARVIS
_______________________________________
'1VS1 | Rounds: 1. (Final a 3)
¡El Pozo Mayor es 66 Puntos de Torneo! 
Requisito de nivel: 30 a 47. 
Clases permitidas - Mago, Clerigo, Bardo, Druida
Valor Inscripción (ORO): 68000 de oro. (Llevate el pozo acumulado) 
Premios:  | Objeto: Piel de Pinguino (x1)
Para inscribirte tipea el comando: '/TORNEO 1VS1'
_______________________________________

27/01/2024 01:53:23 NICK GM JARVIS
_______________________________________
'1VS1 | Rounds: 1. (Final a 3)
¡El Pozo Mayor es 66 Puntos de Torneo! 
Requisito de nivel: 30 a 47. 
Clases permitidas - Mago, Clerigo, Bardo, Druida
Valor Inscripción (ORO): 68000 de oro. (Llevate el pozo acumulado) 
Premios:  | Objeto: Piel de Pinguino (x1)
Para inscribirte tipea el comando: '/TORNEO 1VS1'
_______________________________________

27/01/2024 01:56:23 Cupos alcanzados.
27/01/2024 01:56:27 Se reinicio la informacion de los fights()
27/01/2024 01:56:27 Se reinicio la informacion de los fights()
27/01/2024 02:10:30 NICK GM JARVIS
_______________________________________
'1VS1 | Rounds: 1. (Final a 3)
¡El Pozo Mayor es 66 Puntos de Torneo! 
Requisito de nivel: 30 a 47. 
Clases permitidas - Mago, Clerigo, Bardo, Druida
Valor Inscripción (ORO): 68000 de oro. (Llevate el pozo acumulado) 
Premios:  | Objeto: Piel de Pinguino (x1)
Para inscribirte tipea el comando: '/TORNEO 1VS1'
_______________________________________

27/01/2024 02:11:29 Cupos alcanzados.
27/01/2024 02:11:33 Se reinicio la informacion de los fights()
27/01/2024 02:11:33 Se reinicio la informacion de los fights()
27/01/2024 02:15:30 NICK GM JARVIS
_______________________________________
'1VS1 | Rounds: 1. (Final a 3)
¡El Pozo Mayor es 66 Puntos de Torneo! 
Requisito de nivel: 30 a 47. 
Clases permitidas - Mago, Clerigo, Bardo, Druida
Valor Inscripción (ORO): 68000 de oro. (Llevate el pozo acumulado) 
Premios:  | Objeto: Piel de Pinguino (x1)
Para inscribirte tipea el comando: '/TORNEO 1VS1'
_______________________________________

27/01/2024 02:16:30 Cupos alcanzados.
27/01/2024 02:16:34 Usuario: ANYONE. Team: 1
27/01/2024 02:16:34 Usuario: Marcos. Team: 2
27/01/2024 02:20:53 Usuario: Marcos. Team: 2
27/01/2024 02:20:53 Usuario: ANYONE. Team: 1
27/01/2024 02:49:26 NICK GM JARVIS
_______________________________________
'PLANTE | Rounds: 1. (Final a 7)
¡El Pozo Mayor es 67 Puntos de Torneo! 
Requisito de nivel: 30 a 44. 
Clases permitidas - Guerrero, Asesino, Paladin, Cazador
Valor Inscripción (ORO): 72000 de oro. (Llevate el pozo acumulado) 
Regla especial: No se permiten Cascos-Escudos. 
Para inscribirte tipea el comando: '/TORNEO PLANTE'
_______________________________________

27/01/2024 02:49:31 NICK GM JARVIS
_______________________________________
'1VS1 | Rounds: 3s
¡El Pozo Mayor es 71 Puntos de Torneo! 
Requisito de nivel: 30 a 42. 
Clases permitidas - Mago, Clerigo, Bardo, Druida
Valor Inscripción (ORO): 76000 de oro. (Llevate el pozo acumulado) 
Premios:  | Objeto: Piel de Pinguino (x1)
Para inscribirte tipea el comando: '/TORNEO 1VS1'
_______________________________________

27/01/2024 02:51:31 Cupos alcanzados.
27/01/2024 02:51:35 Usuario: Marcos. Team: 1
27/01/2024 02:51:35 Usuario: ANYONE. Team: 2
27/01/2024 02:58:52 Usuario: Marcos. Team: 1
27/01/2024 02:58:52 Usuario: ANYONE. Team: 2
27/01/2024 03:01:50 NICK GM JARVIS
_______________________________________
'PLANTE | Rounds: 1. (Final a 7)
¡El Pozo Mayor es 67 Puntos de Torneo! 
Requisito de nivel: 30 a 44. 
Clases permitidas - Guerrero, Asesino, Paladin, Cazador
Valor Inscripción (ORO): 72000 de oro. (Llevate el pozo acumulado) 
Regla especial: No se permiten Cascos-Escudos. 
Para inscribirte tipea el comando: '/TORNEO PLANTE'
_______________________________________

27/01/2024 03:01:53 NICK GM JARVIS
_______________________________________
'1VS1 | Rounds: 3s. (Final a 5)
¡El Pozo Mayor es 73 Puntos de Torneo! 
Requisito de nivel: 30 a 45. 
Clases permitidas - Mago, Clerigo, Bardo, Druida
Valor Inscripción (ORO): 82000 de oro. (Llevate el pozo acumulado) 
Para inscribirte tipea el comando: '/TORNEO 1VS1'
_______________________________________

27/01/2024 03:02:52 Cupos alcanzados.
27/01/2024 03:02:56 Usuario: Marcos. Team: 1
27/01/2024 03:02:56 Usuario: ANYONE. Team: 2
30/01/2024 00:29:46 NICK GM JARVIS
_______________________________________
'1VS1 | Rounds: 1. (Final a 7)
¡El Pozo Mayor es 67 Puntos de Torneo! 
Requisito de nivel: 30 a 47. 
Clases permitidas - Mago
Valor Inscripción (ORO): 18000 de oro. (Llevate el pozo acumulado) 
Premios:  | Objeto: Piel de Pinguino (x1)
Para inscribirte tipea el comando: '/TORNEO 1VS1'
_______________________________________

30/01/2024 00:31:45 Cupos alcanzados.
30/01/2024 00:31:49 Usuario: Marcos. Team: 1
30/01/2024 00:31:49 Usuario: REykO. Team: 2
30/01/2024 00:33:33 Usuario: Marcos. Team: 1
30/01/2024 00:33:33 Usuario: REykO. Team: 2
30/01/2024 00:36:09 Usuario: Marcos. Team: 1
30/01/2024 00:36:09 Usuario: REykO. Team: 2
30/01/2024 00:36:40 Usuario: Marcos. Team: 1
30/01/2024 00:36:40 Usuario: REykO. Team: 2
30/01/2024 00:37:22 NICK GM JARVIS
_______________________________________
'1VS1 | Rounds: 3s. (Final a 5)
¡El Pozo Mayor es 73 Puntos de Torneo! 
Requisito de nivel: 30 a 47. 
Clases permitidas - Asesino, Paladin
Valor Inscripción (ORO): 82000 de oro. (Llevate el pozo acumulado) 
Para inscribirte tipea el comando: '/TORNEO 1VS1'
_______________________________________

30/01/2024 00:37:27 NICK GM JARVIS
_______________________________________
'PLANTE | Rounds: 1. (Final a 7)
¡El Pozo Mayor es 67 Puntos de Torneo! 
Requisito de nivel: 30 a 44. 
Clases permitidas - Guerrero, Asesino, Paladin, Cazador
Valor Inscripción (ORO): 18000 de oro. (Llevate el pozo acumulado) 
Regla especial: No se permiten Cascos-Escudos. 
Para inscribirte tipea el comando: '/TORNEO PLANTE'
_______________________________________

30/01/2024 00:37:29 NICK GM JARVIS
_______________________________________
'PLANTEA | Rounds: 3s. (Final a 7)
¡El Pozo Mayor es 74 Puntos de Torneo! 
Requisito de nivel: 30 a 44. 
Clases permitidas - Paladin
Valor Inscripción (ORO): 88000 de oro. (Llevate el pozo acumulado) 
Para inscribirte tipea el comando: '/TORNEO PLANTEA'
_______________________________________

30/01/2024 00:37:30 NICK GM JARVIS
_______________________________________
'1VS1A | Rounds: 1. (Final a 7)
¡El Pozo Mayor es 67 Puntos de Torneo! 
Requisito de nivel: 30 a 47. 
Clases permitidas - Mago, Clerigo, Bardo, Druida
Valor Inscripción (ORO): 18000 de oro. (Llevate el pozo acumulado) 
Para inscribirte tipea el comando: '/TORNEO 1VS1A'
_______________________________________

30/01/2024 00:39:29 Cupos alcanzados.
30/01/2024 00:39:33 Usuario: REykO. Team: 1
30/01/2024 00:39:33 Usuario: Marcos. Team: 2
30/01/2024 00:40:27 Usuario: Marcos. Team: 2
30/01/2024 00:40:27 Usuario: REykO. Team: 1
30/01/2024 00:40:44 Usuario: Marcos. Team: 2
30/01/2024 00:40:44 Usuario: REykO. Team: 1
30/01/2024 00:41:07 Usuario: Marcos. Team: 2
30/01/2024 00:41:07 Usuario: REykO. Team: 1
30/01/2024 00:42:56 NICK GM JARVIS
_______________________________________
'PLANTEB | Rounds: 3s. (Final a 7)
¡El Pozo Mayor es 74 Puntos de Torneo! 
Requisito de nivel: 30 a 42. 
Clases permitidas - Guerrero, Asesino, Paladin, Cazador
Valor Inscripción (ORO): 88000 de oro. (Llevate el pozo acumulado) 
Regla especial: No se permiten Cascos-Escudos. 
Para inscribirte tipea el comando: '/TORNEO PLANTEB'
_______________________________________

30/01/2024 00:42:58 NICK GM JARVIS
_______________________________________
'PLANTEC | Rounds: 3s. (Final a 5)
¡El Pozo Mayor es 73 Puntos de Torneo! 
Requisito de nivel: 30 a 42. 
Clases permitidas - Asesino
Valor Inscripción (ORO): 82000 de oro. (Llevate el pozo acumulado) 
Premios:  | Objeto: Piel de Pinguino (x1)
Para inscribirte tipea el comando: '/TORNEO PLANTEC'
_______________________________________

30/01/2024 00:42:59 NICK GM JARVIS
_______________________________________
'1VS1A | Rounds: 3s. (Final a 7)
¡El Pozo Mayor es 74 Puntos de Torneo! 
Requisito de nivel: 30 a 42. 
Clases permitidas - Mago, Clerigo, Bardo, Druida
Valor Inscripción (ORO): 44000 de oro. (Llevate el pozo acumulado) 
Para inscribirte tipea el comando: '/TORNEO 1VS1A'
_______________________________________

30/01/2024 23:34:09 NICK GM JARVIS
_______________________________________
'3VS3 | Rounds: 3s. (Final a 7)
¡El Pozo Mayor es 26 Puntos de Torneo! 
Requisito de nivel: 30 a 44. 
Clases permitidas - Mago, Clerigo, Guerrero, Asesino, Bardo, Druida, Paladin, Cazador
Valor Inscripción (ORO): 40000 de oro. (Llevate el pozo acumulado) 
Para inscribirte tipea el comando: '/TORNEO 3VS3'
_______________________________________

30/01/2024 23:34:11 NICK GM JARVIS
_______________________________________
'1VS1 | Rounds: 3s
¡El Pozo Mayor es 71 Puntos de Torneo! 
Requisito de nivel: 30 a 42. 
Clases permitidas - Mago, Clerigo, Bardo, Druida
Valor Inscripción (ORO): 76000 de oro. (Llevate el pozo acumulado) 
Premios:  | Objeto: Piel de Pinguino (x1)
Para inscribirte tipea el comando: '/TORNEO 1VS1'
_______________________________________

30/01/2024 23:34:14 NICK GM JARVIS
_______________________________________
'2VS2 (Fuego Amigo) | Rounds: 1. (Final a 7)
¡El Pozo Mayor es 35 Puntos de Torneo! 
Requisito de nivel: 30 a 47. 
Clases permitidas - Mago, Clerigo, Asesino, Bardo, Druida, Paladin
Valor Inscripción (ORO): 10000 de oro. (Llevate el pozo acumulado) 
Para inscribirte tipea el comando: '/TORNEO 2VS2'
_______________________________________

30/01/2024 23:40:01 NICK GM JARVIS
_______________________________________
'1VS1 | Rounds: 3s
¡El Pozo Mayor es 71 Puntos de Torneo! 
Requisito de nivel: 30 a 42. 
Clases permitidas - Mago, Clerigo, Bardo, Druida
Valor Inscripción (ORO): 38000 de oro. (Llevate el pozo acumulado) 
Para inscribirte tipea el comando: '/TORNEO 1VS1'
_______________________________________

30/01/2024 23:40:10 NICK GM JARVIS
_______________________________________
'1VS1A | Rounds: 3s
¡El Pozo Mayor es 71 Puntos de Torneo! 
Requisito de nivel: 30 a 47. 
Clases permitidas - Mago
Valor Inscripción (ORO): 38000 de oro. (Llevate el pozo acumulado) 
Para inscribirte tipea el comando: '/TORNEO 1VS1A'
_______________________________________

30/01/2024 23:41:09 Cupos alcanzados.
30/01/2024 23:41:13 Usuario: Marcos. Team: 1
30/01/2024 23:41:13 Usuario: REykO. Team: 2
30/01/2024 23:41:13 Usuario: ANYONE. Team: 3
30/01/2024 23:41:13 Usuario: Love. Team: 4
30/01/2024 23:41:36 Usuario: Love. Team: 4
30/01/2024 23:41:36 Usuario: ANYONE. Team: 3
30/01/2024 23:42:07 Usuario: Marcos. Team: 1
30/01/2024 23:42:07 Usuario: REykO. Team: 2
30/01/2024 23:42:28 Se reinicio la informacion de los fights()
30/01/2024 23:42:28 Usuario: REykO. Team: 2
30/01/2024 23:42:28 Usuario: ANYONE. Team: 3
30/01/2024 23:42:50 Usuario: ANYONE. Team: 3
30/01/2024 23:42:50 Usuario: REykO. Team: 2
30/01/2024 23:49:05 NICK GM JARVIS
_______________________________________
'1VS1 | Rounds: 3s. (Final a 5)
¡El Pozo Mayor es 73 Puntos de Torneo! 
Requisito de nivel: 30 a 47. 
Clases permitidas - Clerigo
Valor Inscripción (ORO): 82000 de oro. (Llevate el pozo acumulado) 
Para inscribirte tipea el comando: '/TORNEO 1VS1'
_______________________________________

30/01/2024 23:49:08 NICK GM JARVIS
_______________________________________
'3VS3 | Rounds: 3s. (Final a 5)
¡El Pozo Mayor es 25 Puntos de Torneo! 
Requisito de nivel: 30 a 44. 
Clases permitidas - Mago, Clerigo, Guerrero, Asesino, Bardo, Druida, Paladin, Cazador
Valor Inscripción (ORO): 8500 de oro. (Llevate el pozo acumulado) 
Para inscribirte tipea el comando: '/TORNEO 3VS3'
_______________________________________

30/01/2024 23:49:10 NICK GM JARVIS
_______________________________________
'2VS2 | Rounds: 3s. (Final a 5)
¡El Pozo Mayor es 41 Puntos de Torneo! 
Requisito de nivel: 30 a 47. 
Clases permitidas - Mago, Clerigo, Asesino, Bardo, Druida, Paladin
Valor Inscripción (ORO): 25000 de oro. (Llevate el pozo acumulado) 
Premios:  | Objeto: Piel de Pinguino (x1)
Para inscribirte tipea el comando: '/TORNEO 2VS2'
_______________________________________

